{"numTotalTestSuites":30,"numPassedTestSuites":30,"numFailedTestSuites":0,"numPendingTestSuites":0,"numTotalTests":89,"numPassedTests":89,"numFailedTests":0,"numPendingTests":0,"numTodoTests":0,"snapshot":{"added":0,"failure":false,"filesAdded":0,"filesRemoved":0,"filesRemovedList":[],"filesUnmatched":0,"filesUpdated":0,"matched":0,"total":0,"unchecked":0,"uncheckedKeysByFile":[],"unmatched":0,"updated":0,"didUpdate":false},"startTime":1786336718677,"success":true,"testResults":[{"assertionResults":[{"ancestorTitles":["Clinical Trials Research"],"fullName":"Clinical Trials Research has sequential stepIndex values and required fields","status":"passed","title":"has sequential stepIndex values and required fields","duration":14.388128999999992,"failureMessages":[],"meta":{},"tags":[]},{"ancestorTitles":["Clinical Trials Research"],"fullName":"Clinical Trials Research every step is solvable with its canonical solution","status":"passed","title":"every step is solvable with its canonical solution","duration":2631.717041,"failureMessages":[],"meta":{},"tags":[]},{"ancestorTitles":["Clinical Trials Research"],"fullName":"Clinical Trials Research fix-the-bug starter queries do NOT pass as-is","status":"passed","title":"fix-the-bug starter queries do NOT pass as-is","duration":5.792079000000285,"failureMessages":[],"meta":{},"tags":[]},{"ancestorTitles":["Clinical Trials Research"],"fullName":"Clinical Trials Research every exam question is solvable on the completed mission DB","status":"passed","title":"every exam question is solvable on the completed mission DB","duration":67.11952800000017,"failureMessages":[],"meta":{},"tags":[]},{"ancestorTitles":["Clinical Trials Research"],"fullName":"Clinical Trials Research every conceptFocus has a meaningful explanation","status":"passed","title":"every conceptFocus has a meaningful explanation","duration":1.1728969999999208,"failureMessages":[],"meta":{},"tags":[]},{"ancestorTitles":["Algorithmic Trading Platform"],"fullName":"Algorithmic Trading Platform has sequential stepIndex values and required fields","status":"passed","title":"has sequential stepIndex values and required fields","duration":3.0095479999999952,"failureMessages":[],"meta":{},"tags":[]},{"ancestorTitles":["Algorithmic Trading Platform"],"fullName":"Algorithmic Trading Platform every step is solvable with its canonical solution","status":"passed","title":"every step is solvable with its canonical solution","duration":6264.784334,"failureMessages":[],"meta":{},"tags":[]},{"ancestorTitles":["Algorithmic Trading Platform"],"fullName":"Algorithmic Trading Platform fix-the-bug starter queries do NOT pass as-is","status":"passed","title":"fix-the-bug starter queries do NOT pass as-is","duration":74.58551299999999,"failureMessages":[],"meta":{},"tags":[]},{"ancestorTitles":["Algorithmic Trading Platform"],"fullName":"Algorithmic Trading Platform every exam question is solvable on the completed mission DB","status":"passed","title":"every exam question is solvable on the completed mission DB","duration":51.65103700000145,"failureMessages":[],"meta":{},"tags":[]},{"ancestorTitles":["Algorithmic Trading Platform"],"fullName":"Algorithmic Trading Platform every conceptFocus has a meaningful explanation","status":"passed","title":"every conceptFocus has a meaningful explanation","duration":1.0558259999997972,"failureMessages":[],"meta":{},"tags":[]},{"ancestorTitles":["Orbital Space Logistics"],"fullName":"Orbital Space Logistics has sequential stepIndex values and required fields","status":"passed","title":"has sequential stepIndex values and required fields","duration":3.791925999999876,"failureMessages":[],"meta":{},"tags":[]},{"ancestorTitles":["Orbital Space Logistics"],"fullName":"Orbital Space Logistics every step is solvable with its canonical solution","status":"passed","title":"every step is solvable with its canonical solution","duration":1905.9539769999992,"failureMessages":[],"meta":{},"tags":[]},{"ancestorTitles":["Orbital Space Logistics"],"fullName":"Orbital Space Logistics fix-the-bug starter queries do NOT pass as-is","status":"passed","title":"fix-the-bug starter queries do NOT pass as-is","duration":42.506147000000055,"failureMessages":[],"meta":{},"tags":[]},{"ancestorTitles":["Orbital Space Logistics"],"fullName":"Orbital Space Logistics every exam question is solvable on the completed mission DB","status":"passed","title":"every exam question is solvable on the completed mission DB","duration":28.049603999999817,"failureMessages":[],"meta":{},"tags":[]},{"ancestorTitles":["Orbital Space Logistics"],"fullName":"Orbital Space Logistics every conceptFocus has a meaningful explanation","status":"passed","title":"every conceptFocus has a meaningful explanation","duration":0.9121429999995598,"failureMessages":[],"meta":{},"tags":[]},{"ancestorTitles":["cross-domain"],"fullName":"cross-domain missions teach meaningfully different concepts","status":"passed","title":"missions teach meaningfully different concepts","duration":0.471335000000181,"failureMessages":[],"meta":{},"tags":[]},{"ancestorTitles":["cross-domain"],"fullName":"cross-domain the combined curriculum is expert-scale","status":"passed","title":"the combined curriculum is expert-scale","duration":0.15448000000105822,"failureMessages":[],"meta":{},"tags":[]}],"startTime":1786336719128,"endTime":1786336730226.1545,"status":"passed","message":"","name":"/home/runner/work/tuples/tuples/src/domains/curriculum.integrity.test.ts"},{"assertionResults":[{"ancestorTitles":["checkAchievements"],"fullName":"checkAchievements unlocks \"first_solve\" after the first solve","status":"passed","title":"unlocks \"first_solve\" after the first solve","duration":2.883724000000001,"failureMessages":[],"meta":{},"tags":[]},{"ancestorTitles":["checkAchievements"],"fullName":"checkAchievements does not re-report an already unlocked achievement","status":"passed","title":"does not re-report an already unlocked achievement","duration":0.3397730000000081,"failureMessages":[],"meta":{},"tags":[]},{"ancestorTitles":["checkAchievements"],"fullName":"checkAchievements unlocks \"first_join\" when a JOIN concept has been solved","status":"passed","title":"unlocks \"first_join\" when a JOIN concept has been solved","duration":0.25473699999997734,"failureMessages":[],"meta":{},"tags":[]},{"ancestorTitles":["checkAchievements"],"fullName":"checkAchievements unlocks \"window_wizard\" for a PARTITION concept","status":"passed","title":"unlocks \"window_wizard\" for a PARTITION concept","duration":0.2040179999999907,"failureMessages":[],"meta":{},"tags":[]},{"ancestorTitles":["checkAchievements"],"fullName":"checkAchievements unlocks combo and streak milestones","status":"passed","title":"unlocks combo and streak milestones","duration":0.3016179999999906,"failureMessages":[],"meta":{},"tags":[]},{"ancestorTitles":["checkAchievements"],"fullName":"checkAchievements every achievement has id, label, description","status":"passed","title":"every achievement has id, label, description","duration":0.9674069999999801,"failureMessages":[],"meta":{},"tags":[]}],"startTime":1786336720322,"endTime":1786336720326.9673,"status":"passed","message":"","name":"/home/runner/work/tuples/tuples/src/lib/achievements.test.ts"},{"assertionResults":[{"ancestorTitles":["buildSqlSchema"],"fullName":"buildSqlSchema maps each table to its list of column names","status":"passed","title":"maps each table to its list of column names","duration":4.036483000000004,"failureMessages":[],"meta":{},"tags":[]},{"ancestorTitles":["buildSqlSchema"],"fullName":"buildSqlSchema includes views as well as tables","status":"passed","title":"includes views as well as tables","duration":0.8990640000000099,"failureMessages":[],"meta":{},"tags":[]},{"ancestorTitles":["buildSqlSchema"],"fullName":"buildSqlSchema returns an empty object for no tables","status":"passed","title":"returns an empty object for no tables","duration":0.23026899999999273,"failureMessages":[],"meta":{},"tags":[]}],"startTime":1786336720543,"endTime":1786336720548.2302,"status":"passed","message":"","name":"/home/runner/work/tuples/tuples/src/lib/buildSqlSchema.test.ts"},{"assertionResults":[{"ancestorTitles":["detectChart"],"fullName":"detectChart returns null for empty / single-row data","status":"passed","title":"returns null for empty / single-row data","duration":6.633578,"failureMessages":[],"meta":{},"tags":[]},{"ancestorTitles":["detectChart"],"fullName":"detectChart returns null when there is no numeric column","status":"passed","title":"returns null when there is no numeric column","duration":0.36166500000001633,"failureMessages":[],"meta":{},"tags":[]},{"ancestorTitles":["detectChart"],"fullName":"detectChart builds a bar chart from category + numeric value","status":"passed","title":"builds a bar chart from category + numeric value","duration":6.10886400000004,"failureMessages":[],"meta":{},"tags":[]},{"ancestorTitles":["detectChart"],"fullName":"detectChart uses a line chart when the label column is temporal","status":"passed","title":"uses a line chart when the label column is temporal","duration":0.4249980000000164,"failureMessages":[],"meta":{},"tags":[]},{"ancestorTitles":["detectChart"],"fullName":"detectChart supports multiple numeric series","status":"passed","title":"supports multiple numeric series","duration":0.33176700000001347,"failureMessages":[],"meta":{},"tags":[]},{"ancestorTitles":["detectChart"],"fullName":"detectChart coerces numeric strings","status":"passed","title":"coerces numeric strings","duration":0.2532539999999699,"failureMessages":[],"meta":{},"tags":[]},{"ancestorTitles":["detectChart"],"fullName":"detectChart returns null when labels are all identical","status":"passed","title":"returns null when labels are all identical","duration":0.22281499999996868,"failureMessages":[],"meta":{},"tags":[]},{"ancestorTitles":["detectChart"],"fullName":"detectChart falls back to first numeric col as axis when all columns numeric","status":"passed","title":"falls back to first numeric col as axis when all columns numeric","duration":3.111549000000025,"failureMessages":[],"meta":{},"tags":[]}],"startTime":1786336719756,"endTime":1786336719773.1116,"status":"passed","message":"","name":"/home/runner/work/tuples/tuples/src/lib/chartShape.test.ts"},{"assertionResults":[{"ancestorTitles":["coachError"],"fullName":"coachError returns null when there is no error","status":"passed","title":"returns null when there is no error","duration":3.32979499999999,"failureMessages":[],"meta":{},"tags":[]},{"ancestorTitles":["coachError"],"fullName":"coachError nudges on missing table and quotes the name","status":"passed","title":"nudges on missing table and quotes the name","duration":0.5471770000000049,"failureMessages":[],"meta":{},"tags":[]},{"ancestorTitles":["coachError"],"fullName":"coachError nudges on missing column","status":"passed","title":"nudges on missing column","duration":0.277670999999998,"failureMessages":[],"meta":{},"tags":[]},{"ancestorTitles":["coachError"],"fullName":"coachError nudges on ambiguous column","status":"passed","title":"nudges on ambiguous column","duration":0.3157759999999996,"failureMessages":[],"meta":{},"tags":[]},{"ancestorTitles":["coachError"],"fullName":"coachError suggests FROM when SELECT lacks one","status":"passed","title":"suggests FROM when SELECT lacks one","duration":0.3097039999999822,"failureMessages":[],"meta":{},"tags":[]},{"ancestorTitles":["coachError"],"fullName":"coachError gives a generic syntax hint otherwise","status":"passed","title":"gives a generic syntax hint otherwise","duration":0.35308800000001384,"failureMessages":[],"meta":{},"tags":[]},{"ancestorTitles":["coachError"],"fullName":"coachError coaches ranking-style verification mismatch toward ORDER BY","status":"passed","title":"coaches ranking-style verification mismatch toward ORDER BY","duration":0.39491999999998484,"failureMessages":[],"meta":{},"tags":[]},{"ancestorTitles":["coachError"],"fullName":"coachError coaches generic verification mismatch","status":"passed","title":"coaches generic verification mismatch","duration":0.39438999999998714,"failureMessages":[],"meta":{},"tags":[]},{"ancestorTitles":["coachError"],"fullName":"coachError handles aggregate misuse","status":"passed","title":"handles aggregate misuse","duration":0.39386799999999766,"failureMessages":[],"meta":{},"tags":[]},{"ancestorTitles":["coachError"],"fullName":"coachError returns null for unknown errors","status":"passed","title":"returns null for unknown errors","duration":0.21258499999999003,"failureMessages":[],"meta":{},"tags":[]}],"startTime":1786336720135,"endTime":1786336720142.2126,"status":"passed","message":"","name":"/home/runner/work/tuples/tuples/src/lib/errorCoach.test.ts"},{"assertionResults":[{"ancestorTitles":["levelFromXp"],"fullName":"levelFromXp level 1 at 0 XP","status":"passed","title":"level 1 at 0 XP","duration":6.809981999999991,"failureMessages":[],"meta":{},"tags":[]},{"ancestorTitles":["levelFromXp"],"fullName":"levelFromXp still level 1 just under the threshold","status":"passed","title":"still level 1 just under the threshold","duration":0.28797199999999634,"failureMessages":[],"meta":{},"tags":[]},{"ancestorTitles":["levelFromXp"],"fullName":"levelFromXp level 2 at exactly 500 XP","status":"passed","title":"level 2 at exactly 500 XP","duration":0.3110770000000116,"failureMessages":[],"meta":{},"tags":[]},{"ancestorTitles":["levelFromXp"],"fullName":"levelFromXp reports progress within a level","status":"passed","title":"reports progress within a level","duration":0.42159200000000396,"failureMessages":[],"meta":{},"tags":[]},{"ancestorTitles":["computeReward"],"fullName":"computeReward no-hint solve gives base + no-hint bonus + combo bonus and increments combo","status":"passed","title":"no-hint solve gives base + no-hint bonus + combo bonus and increments combo","duration":1.3544809999999927,"failureMessages":[],"meta":{},"tags":[]},{"ancestorTitles":["computeReward"],"fullName":"computeReward hinted solve gives only base XP and resets combo","status":"passed","title":"hinted solve gives only base XP and resets combo","duration":1.439768000000015,"failureMessages":[],"meta":{},"tags":[]},{"ancestorTitles":["updateStreak"],"fullName":"updateStreak starts a streak at 1 when there is no prior date","status":"passed","title":"starts a streak at 1 when there is no prior date","duration":0.2883520000000033,"failureMessages":[],"meta":{},"tags":[]},{"ancestorTitles":["updateStreak"],"fullName":"updateStreak does not change the count when solving again the same day","status":"passed","title":"does not change the count when solving again the same day","duration":0.23863499999998794,"failureMessages":[],"meta":{},"tags":[]},{"ancestorTitles":["updateStreak"],"fullName":"updateStreak increments when the last active day was yesterday","status":"passed","title":"increments when the last active day was yesterday","duration":0.20437900000001719,"failureMessages":[],"meta":{},"tags":[]},{"ancestorTitles":["updateStreak"],"fullName":"updateStreak resets to 1 when a day was missed","status":"passed","title":"resets to 1 when a day was missed","duration":0.49672899999998776,"failureMessages":[],"meta":{},"tags":[]}],"startTime":1786336720031,"endTime":1786336720043.4968,"status":"passed","message":"","name":"/home/runner/work/tuples/tuples/src/lib/gameLogic.test.ts"},{"assertionResults":[{"ancestorTitles":["buildMissionDb (integration)"],"fullName":"buildMissionDb (integration) is deterministic: two builds of the same state are byte-identical","status":"passed","title":"is deterministic: two builds of the same state are byte-identical","duration":351.57109,"failureMessages":[],"meta":{},"tags":[]},{"ancestorTitles":["buildMissionDb (integration)"],"fullName":"buildMissionDb (integration) variant seed produces different data but the same schema","status":"passed","title":"variant seed produces different data but the same schema","duration":137.09324200000003,"failureMessages":[],"meta":{},"tags":[]},{"ancestorTitles":["buildMissionDb (integration)"],"fullName":"buildMissionDb (integration) replays saved user queries verbatim when they work","status":"passed","title":"replays saved user queries verbatim when they work","duration":2.756445000000099,"failureMessages":[],"meta":{},"tags":[]},{"ancestorTitles":["buildMissionDb (integration)"],"fullName":"buildMissionDb (integration) falls back to the canonical solution when a saved query breaks on replay","status":"passed","title":"falls back to the canonical solution when a saved query breaks on replay","duration":2.542989000000034,"failureMessages":[],"meta":{},"tags":[]},{"ancestorTitles":["buildMissionDb (integration)"],"fullName":"buildMissionDb (integration) enforces foreign keys in replayed state","status":"passed","title":"enforces foreign keys in replayed state","duration":62.49918100000002,"failureMessages":[],"meta":{},"tags":[]}],"startTime":1786336719312,"endTime":1786336719874.4993,"status":"passed","message":"","name":"/home/runner/work/tuples/tuples/src/lib/missionDb.test.ts"},{"assertionResults":[{"ancestorTitles":["buildGraph"],"fullName":"buildGraph creates one node per table with the table in node data","status":"passed","title":"creates one node per table with the table in node data","duration":4.313258000000019,"failureMessages":[],"meta":{},"tags":[]},{"ancestorTitles":["buildGraph"],"fullName":"buildGraph infers an edge from a column matching another table primary key","status":"passed","title":"infers an edge from a column matching another table primary key","duration":1.916179999999997,"failureMessages":[],"meta":{},"tags":[]},{"ancestorTitles":["buildGraph"],"fullName":"buildGraph creates an edge for an explicit foreign key","status":"passed","title":"creates an edge for an explicit foreign key","duration":1.3569860000000062,"failureMessages":[],"meta":{},"tags":[]},{"ancestorTitles":["buildGraph"],"fullName":"buildGraph does not duplicate an edge that is both explicit and inferable","status":"passed","title":"does not duplicate an edge that is both explicit and inferable","duration":0.3628379999999538,"failureMessages":[],"meta":{},"tags":[]},{"ancestorTitles":["buildGraph"],"fullName":"buildGraph does not infer a self-edge from a table own primary key","status":"passed","title":"does not infer a self-edge from a table own primary key","duration":0.34162800000001425,"failureMessages":[],"meta":{},"tags":[]},{"ancestorTitles":["buildGraph"],"fullName":"buildGraph falls back to the first column as the key when no primary key is declared","status":"passed","title":"falls back to the first column as the key when no primary key is declared","duration":0.48543699999999035,"failureMessages":[],"meta":{},"tags":[]},{"ancestorTitles":["buildGraph"],"fullName":"buildGraph does not let a non-key table first column hijack a real primary key owner","status":"passed","title":"does not let a non-key table first column hijack a real primary key owner","duration":0.4998239999999896,"failureMessages":[],"meta":{},"tags":[]}],"startTime":1786336718969,"endTime":1786336718978.4998,"status":"passed","message":"","name":"/home/runner/work/tuples/tuples/src/lib/schemaGraph.test.ts"},{"assertionResults":[{"ancestorTitles":["scalarEqual"],"fullName":"scalarEqual matches numerically with tolerance","status":"passed","title":"matches numerically with tolerance","duration":3.084321999999986,"failureMessages":[],"meta":{},"tags":[]},{"ancestorTitles":["scalarEqual"],"fullName":"scalarEqual is null-safe","status":"passed","title":"is null-safe","duration":0.3225219999999922,"failureMessages":[],"meta":{},"tags":[]},{"ancestorTitles":["resultsMatch"],"fullName":"resultsMatch ignores column aliases but not column count","status":"passed","title":"ignores column aliases but not column count","duration":0.6353980000000092,"failureMessages":[],"meta":{},"tags":[]},{"ancestorTitles":["resultsMatch"],"fullName":"resultsMatch is order-insensitive by default (multiset)","status":"passed","title":"is order-insensitive by default (multiset)","duration":0.2939190000000167,"failureMessages":[],"meta":{},"tags":[]},{"ancestorTitles":["resultsMatch"],"fullName":"resultsMatch enforces order when requested","status":"passed","title":"enforces order when requested","duration":0.33406400000001213,"failureMessages":[],"meta":{},"tags":[]},{"ancestorTitles":["resultsMatch"],"fullName":"resultsMatch normalizes numeric strings in unordered comparison","status":"passed","title":"normalizes numeric strings in unordered comparison","duration":0.21745600000002696,"failureMessages":[],"meta":{},"tags":[]},{"ancestorTitles":["resultsMatch"],"fullName":"resultsMatch handles empty and null results","status":"passed","title":"handles empty and null results","duration":0.23022000000003118,"failureMessages":[],"meta":{},"tags":[]},{"ancestorTitles":["resultsMatch"],"fullName":"resultsMatch distinguishes null from 0 and empty string in rows","status":"passed","title":"distinguishes null from 0 and empty string in rows","duration":0.28193700000002764,"failureMessages":[],"meta":{},"tags":[]}],"startTime":1786336719362,"endTime":1786336719368.282,"status":"passed","message":"","name":"/home/runner/work/tuples/tuples/src/lib/validate.test.ts"},{"assertionResults":[{"ancestorTitles":["explainConcept"],"fullName":"explainConcept explains CREATE_TABLE","status":"passed","title":"explains CREATE_TABLE","duration":2.1644050000000163,"failureMessages":[],"meta":{},"tags":[]},{"ancestorTitles":["explainConcept"],"fullName":"explainConcept explains window/partition concepts","status":"passed","title":"explains window/partition concepts","duration":0.20268899999999235,"failureMessages":[],"meta":{},"tags":[]},{"ancestorTitles":["explainConcept"],"fullName":"explainConcept explains a delete concept","status":"passed","title":"explains a delete concept","duration":0.19048700000001872,"failureMessages":[],"meta":{},"tags":[]},{"ancestorTitles":["explainConcept"],"fullName":"explainConcept returns a non-empty fallback for unknown concepts","status":"passed","title":"returns a non-empty fallback for unknown concepts","duration":0.2328160000000139,"failureMessages":[],"meta":{},"tags":[]}],"startTime":1786336720629,"endTime":1786336720632.233,"status":"passed","message":"","name":"/home/runner/work/tuples/tuples/src/lib/whyItWorks.test.ts"},{"assertionResults":[{"ancestorTitles":["world identity system"],"fullName":"world identity system maps every domain to exactly one world and vice versa","status":"passed","title":"maps every domain to exactly one world and vice versa","duration":2.9743720000000167,"failureMessages":[],"meta":{},"tags":[]},{"ancestorTitles":["world identity system"],"fullName":"world identity system has unique ids, indices, and accents","status":"passed","title":"has unique ids, indices, and accents","duration":0.5226390000000265,"failureMessages":[],"meta":{},"tags":[]},{"ancestorTitles":["world identity system"],"fullName":"world identity system uses valid 6-digit hex colors (Atmosphere parses them)","status":"passed","title":"uses valid 6-digit hex colors (Atmosphere parses them)","duration":0.42047999999999774,"failureMessages":[],"meta":{},"tags":[]},{"ancestorTitles":["world identity system"],"fullName":"world identity system keeps names and epithets presentation-ready","status":"passed","title":"keeps names and epithets presentation-ready","duration":0.4670709999999758,"failureMessages":[],"meta":{},"tags":[]}],"startTime":1786336720439,"endTime":1786336720443.467,"status":"passed","message":"","name":"/home/runner/work/tuples/tuples/src/lib/worlds.test.ts"},{"assertionResults":[{"ancestorTitles":["useProgressStore"],"fullName":"useProgressStore starting a domain initializes progress at step 0","status":"passed","title":"starting a domain initializes progress at step 0","duration":11.311373000000003,"failureMessages":[],"meta":{},"tags":[]},{"ancestorTitles":["useProgressStore"],"fullName":"useProgressStore solving advances the step, awards XP, and tracks combo","status":"passed","title":"solving advances the step, awards XP, and tracks combo","duration":4.514875000000018,"failureMessages":[],"meta":{},"tags":[]},{"ancestorTitles":["useProgressStore"],"fullName":"useProgressStore hint usage is charged against the next solve only","status":"passed","title":"hint usage is charged against the next solve only","duration":0.9553149999999846,"failureMessages":[],"meta":{},"tags":[]},{"ancestorTitles":["useProgressStore"],"fullName":"useProgressStore records and keeps certifications per domain","status":"passed","title":"records and keeps certifications per domain","duration":0.6044089999999755,"failureMessages":[],"meta":{},"tags":[]},{"ancestorTitles":["useProgressStore"],"fullName":"useProgressStore resetDomain clears one domain without touching global XP","status":"passed","title":"resetDomain clears one domain without touching global XP","duration":0.9166329999999903,"failureMessages":[],"meta":{},"tags":[]},{"ancestorTitles":["useProgressStore"],"fullName":"useProgressStore v1 → v2 persist migration resets mission progress but keeps game state","status":"passed","title":"v1 → v2 persist migration resets mission progress but keeps game state","duration":0.7903170000000159,"failureMessages":[],"meta":{},"tags":[]},{"ancestorTitles":["useProgressStore"],"fullName":"useProgressStore v2 state passes through migration untouched","status":"passed","title":"v2 state passes through migration untouched","duration":0.6440830000000233,"failureMessages":[],"meta":{},"tags":[]}],"startTime":1786336719038,"endTime":1786336719057.644,"status":"passed","message":"","name":"/home/runner/work/tuples/tuples/src/store/useProgressStore.test.ts"}],"coverageMap":{"/home/runner/work/tuples/tuples/src/domains/index.ts":{"path":"/home/runner/work/tuples/tuples/src/domains/index.ts","statementMap":{"0":{"start":{"line":56,"column":53},"end":{"line":60,"column":null}}},"fnMap":{},"branchMap":{},"s":{"0":3},"f":{},"b":{},"meta":{"lastBranch":0,"lastFunction":0,"lastStatement":1,"seen":{"s:56:53:60:Infinity":0},"fnNames":{}}},"/home/runner/work/tuples/tuples/src/lib/buildSqlSchema.ts":{"path":"/home/runner/work/tuples/tuples/src/lib/buildSqlSchema.ts","statementMap":{"0":{"start":{"line":8,"column":43},"end":{"line":8,"column":null}},"1":{"start":{"line":9,"column":2},"end":{"line":11,"column":null}},"2":{"start":{"line":10,"column":4},"end":{"line":10,"column":null}},"3":{"start":{"line":10,"column":50},"end":{"line":10,"column":56}},"4":{"start":{"line":12,"column":2},"end":{"line":12,"column":null}}},"fnMap":{"0":{"name":"buildSqlSchema","decl":{"start":{"line":7,"column":16},"end":{"line":7,"column":31}},"loc":{"start":{"line":7,"column":80},"end":{"line":13,"column":null}},"line":7},"1":{"name":"(anonymous_1)","decl":{"start":{"line":10,"column":43},"end":{"line":10,"column":44}},"loc":{"start":{"line":10,"column":50},"end":{"line":10,"column":56}},"line":10}},"branchMap":{},"s":{"0":3,"1":3,"2":3,"3":5,"4":3},"f":{"0":3,"1":5},"b":{},"meta":{"lastBranch":0,"lastFunction":2,"lastStatement":5,"seen":{"f:7:16:7:31":0,"s:8:43:8:Infinity":0,"s:9:2:11:Infinity":1,"s:10:4:10:Infinity":2,"f:10:43:10:44":1,"s:10:50:10:56":3,"s:12:2:12:Infinity":4},"fnNames":{}}},"/home/runner/work/tuples/tuples/src/lib/achievements.ts":{"path":"/home/runner/work/tuples/tuples/src/lib/achievements.ts","statementMap":{"0":{"start":{"line":18,"column":19},"end":{"line":19,"column":null}},"1":{"start":{"line":19,"column":2},"end":{"line":19,"column":null}},"2":{"start":{"line":19,"column":31},"end":{"line":19,"column":79}},"3":{"start":{"line":19,"column":51},"end":{"line":19,"column":78}},"4":{"start":{"line":21,"column":43},"end":{"line":33,"column":null}},"5":{"start":{"line":22,"column":115},"end":{"line":22,"column":134}},"6":{"start":{"line":23,"column":114},"end":{"line":23,"column":134}},"7":{"start":{"line":24,"column":106},"end":{"line":24,"column":126}},"8":{"start":{"line":25,"column":117},"end":{"line":25,"column":137}},"9":{"start":{"line":26,"column":125},"end":{"line":26,"column":146}},"10":{"start":{"line":27,"column":107},"end":{"line":27,"column":124}},"11":{"start":{"line":28,"column":111},"end":{"line":28,"column":129}},"12":{"start":{"line":29,"column":114},"end":{"line":29,"column":133}},"13":{"start":{"line":30,"column":99},"end":{"line":30,"column":112}},"14":{"start":{"line":31,"column":106},"end":{"line":31,"column":128}},"15":{"start":{"line":32,"column":133},"end":{"line":32,"column":170}},"16":{"start":{"line":37,"column":15},"end":{"line":37,"column":null}},"17":{"start":{"line":38,"column":2},"end":{"line":38,"column":null}},"18":{"start":{"line":38,"column":36},"end":{"line":38,"column":71}},"19":{"start":{"line":38,"column":84},"end":{"line":38,"column":88}}},"fnMap":{"0":{"name":"(anonymous_0)","decl":{"start":{"line":18,"column":19},"end":{"line":18,"column":20}},"loc":{"start":{"line":19,"column":2},"end":{"line":19,"column":null}},"line":19},"1":{"name":"(anonymous_1)","decl":{"start":{"line":19,"column":24},"end":{"line":19,"column":25}},"loc":{"start":{"line":19,"column":31},"end":{"line":19,"column":79}},"line":19},"2":{"name":"(anonymous_2)","decl":{"start":{"line":19,"column":44},"end":{"line":19,"column":45}},"loc":{"start":{"line":19,"column":51},"end":{"line":19,"column":78}},"line":19},"3":{"name":"(anonymous_3)","decl":{"start":{"line":22,"column":108},"end":{"line":22,"column":109}},"loc":{"start":{"line":22,"column":115},"end":{"line":22,"column":134}},"line":22},"4":{"name":"(anonymous_4)","decl":{"start":{"line":23,"column":107},"end":{"line":23,"column":108}},"loc":{"start":{"line":23,"column":114},"end":{"line":23,"column":134}},"line":23},"5":{"name":"(anonymous_5)","decl":{"start":{"line":24,"column":99},"end":{"line":24,"column":100}},"loc":{"start":{"line":24,"column":106},"end":{"line":24,"column":126}},"line":24},"6":{"name":"(anonymous_6)","decl":{"start":{"line":25,"column":110},"end":{"line":25,"column":111}},"loc":{"start":{"line":25,"column":117},"end":{"line":25,"column":137}},"line":25},"7":{"name":"(anonymous_7)","decl":{"start":{"line":26,"column":118},"end":{"line":26,"column":119}},"loc":{"start":{"line":26,"column":125},"end":{"line":26,"column":146}},"line":26},"8":{"name":"(anonymous_8)","decl":{"start":{"line":27,"column":100},"end":{"line":27,"column":101}},"loc":{"start":{"line":27,"column":107},"end":{"line":27,"column":124}},"line":27},"9":{"name":"(anonymous_9)","decl":{"start":{"line":28,"column":104},"end":{"line":28,"column":105}},"loc":{"start":{"line":28,"column":111},"end":{"line":28,"column":129}},"line":28},"10":{"name":"(anonymous_10)","decl":{"start":{"line":29,"column":107},"end":{"line":29,"column":108}},"loc":{"start":{"line":29,"column":114},"end":{"line":29,"column":133}},"line":29},"11":{"name":"(anonymous_11)","decl":{"start":{"line":30,"column":92},"end":{"line":30,"column":93}},"loc":{"start":{"line":30,"column":99},"end":{"line":30,"column":112}},"line":30},"12":{"name":"(anonymous_12)","decl":{"start":{"line":31,"column":99},"end":{"line":31,"column":100}},"loc":{"start":{"line":31,"column":106},"end":{"line":31,"column":128}},"line":31},"13":{"name":"(anonymous_13)","decl":{"start":{"line":32,"column":126},"end":{"line":32,"column":127}},"loc":{"start":{"line":32,"column":133},"end":{"line":32,"column":170}},"line":32},"14":{"name":"checkAchievements","decl":{"start":{"line":36,"column":16},"end":{"line":36,"column":34}},"loc":{"start":{"line":36,"column":95},"end":{"line":39,"column":null}},"line":36},"15":{"name":"(anonymous_15)","decl":{"start":{"line":38,"column":29},"end":{"line":38,"column":30}},"loc":{"start":{"line":38,"column":36},"end":{"line":38,"column":71}},"line":38},"16":{"name":"(anonymous_16)","decl":{"start":{"line":38,"column":77},"end":{"line":38,"column":78}},"loc":{"start":{"line":38,"column":84},"end":{"line":38,"column":88}},"line":38}},"branchMap":{"0":{"loc":{"start":{"line":38,"column":36},"end":{"line":38,"column":71}},"type":"binary-expr","locations":[{"start":{"line":38,"column":36},"end":{"line":38,"column":55}},{"start":{"line":38,"column":55},"end":{"line":38,"column":71}}],"line":38}},"s":{"0":2,"1":18,"2":14,"3":20,"4":2,"5":7,"6":9,"7":9,"8":9,"9":9,"10":9,"11":9,"12":9,"13":9,"14":9,"15":9,"16":9,"17":9,"18":99,"19":8},"f":{"0":18,"1":14,"2":20,"3":7,"4":9,"5":9,"6":9,"7":9,"8":9,"9":9,"10":9,"11":9,"12":9,"13":9,"14":9,"15":99,"16":8},"b":{"0":[99,97]},"meta":{"lastBranch":1,"lastFunction":17,"lastStatement":20,"seen":{"s:18:19:19:Infinity":0,"f:18:19:18:20":0,"s:19:2:19:Infinity":1,"f:19:24:19:25":1,"s:19:31:19:79":2,"f:19:44:19:45":2,"s:19:51:19:78":3,"s:21:43:33:Infinity":4,"f:22:108:22:109":3,"s:22:115:22:134":5,"f:23:107:23:108":4,"s:23:114:23:134":6,"f:24:99:24:100":5,"s:24:106:24:126":7,"f:25:110:25:111":6,"s:25:117:25:137":8,"f:26:118:26:119":7,"s:26:125:26:146":9,"f:27:100:27:101":8,"s:27:107:27:124":10,"f:28:104:28:105":9,"s:28:111:28:129":11,"f:29:107:29:108":10,"s:29:114:29:133":12,"f:30:92:30:93":11,"s:30:99:30:112":13,"f:31:99:31:100":12,"s:31:106:31:128":14,"f:32:126:32:127":13,"s:32:133:32:170":15,"f:36:16:36:34":14,"s:37:15:37:Infinity":16,"s:38:2:38:Infinity":17,"f:38:29:38:30":15,"s:38:36:38:71":18,"b:38:36:38:55:38:55:38:71":0,"f:38:77:38:78":16,"s:38:84:38:88":19},"fnNames":{}}},"/home/runner/work/tuples/tuples/src/domains/seeds.ts":{"path":"/home/runner/work/tuples/tuples/src/domains/seeds.ts","statementMap":{"0":{"start":{"line":8,"column":18},"end":{"line":8,"column":null}},"1":{"start":{"line":9,"column":21},"end":{"line":9,"column":null}},"2":{"start":{"line":13,"column":10},"end":{"line":13,"column":null}},"3":{"start":{"line":14,"column":2},"end":{"line":20,"column":null}},"4":{"start":{"line":15,"column":4},"end":{"line":15,"column":null}},"5":{"start":{"line":16,"column":4},"end":{"line":16,"column":null}},"6":{"start":{"line":17,"column":12},"end":{"line":17,"column":null}},"7":{"start":{"line":18,"column":4},"end":{"line":18,"column":null}},"8":{"start":{"line":19,"column":4},"end":{"line":19,"column":null}},"9":{"start":{"line":23,"column":10},"end":{"line":23,"column":null}},"10":{"start":{"line":23,"column":25},"end":{"line":23,"column":null}},"11":{"start":{"line":26,"column":2},"end":{"line":26,"column":null}},"12":{"start":{"line":29,"column":2},"end":{"line":29,"column":null}},"13":{"start":{"line":34,"column":24},"end":{"line":34,"column":null}},"14":{"start":{"line":35,"column":2},"end":{"line":42,"column":null}},"15":{"start":{"line":35,"column":15},"end":{"line":35,"column":18}},"16":{"start":{"line":36,"column":18},"end":{"line":36,"column":null}},"17":{"start":{"line":37,"column":4},"end":{"line":41,"column":null}},"18":{"start":{"line":39,"column":25},"end":{"line":39,"column":44}},"19":{"start":{"line":43,"column":2},"end":{"line":43,"column":null}},"20":{"start":{"line":48,"column":12},"end":{"line":48,"column":null}},"21":{"start":{"line":49,"column":2},"end":{"line":49,"column":null}},"22":{"start":{"line":54,"column":57},"end":{"line":65,"column":null}},"23":{"start":{"line":66,"column":16},"end":{"line":66,"column":null}},"24":{"start":{"line":69,"column":12},"end":{"line":69,"column":null}},"25":{"start":{"line":70,"column":24},"end":{"line":70,"column":null}},"26":{"start":{"line":72,"column":2},"end":{"line":111,"column":null}},"27":{"start":{"line":113,"column":2},"end":{"line":116,"column":null}},"28":{"start":{"line":115,"column":38},"end":{"line":115,"column":69}},"29":{"start":{"line":120,"column":31},"end":{"line":120,"column":null}},"30":{"start":{"line":121,"column":15},"end":{"line":121,"column":null}},"31":{"start":{"line":122,"column":2},"end":{"line":134,"column":null}},"32":{"start":{"line":123,"column":16},"end":{"line":123,"column":null}},"33":{"start":{"line":124,"column":4},"end":{"line":133,"column":null}},"34":{"start":{"line":124,"column":17},"end":{"line":124,"column":20}},"35":{"start":{"line":125,"column":18},"end":{"line":125,"column":null}},"36":{"start":{"line":126,"column":6},"end":{"line":132,"column":null}},"37":{"start":{"line":126,"column":19},"end":{"line":126,"column":22}},"38":{"start":{"line":127,"column":8},"end":{"line":127,"column":null}},"39":{"start":{"line":128,"column":8},"end":{"line":131,"column":null}},"40":{"start":{"line":135,"column":2},"end":{"line":135,"column":null}},"41":{"start":{"line":139,"column":32},"end":{"line":139,"column":null}},"42":{"start":{"line":140,"column":19},"end":{"line":140,"column":null}},"43":{"start":{"line":141,"column":18},"end":{"line":141,"column":null}},"44":{"start":{"line":142,"column":2},"end":{"line":150,"column":null}},"45":{"start":{"line":142,"column":15},"end":{"line":142,"column":18}},"46":{"start":{"line":143,"column":16},"end":{"line":143,"column":null}},"47":{"start":{"line":144,"column":19},"end":{"line":144,"column":null}},"48":{"start":{"line":145,"column":4},"end":{"line":149,"column":null}},"49":{"start":{"line":151,"column":2},"end":{"line":151,"column":null}},"50":{"start":{"line":154,"column":32},"end":{"line":154,"column":null}},"51":{"start":{"line":155,"column":16},"end":{"line":155,"column":null}},"52":{"start":{"line":156,"column":2},"end":{"line":163,"column":null}},"53":{"start":{"line":157,"column":4},"end":{"line":162,"column":null}},"54":{"start":{"line":158,"column":6},"end":{"line":161,"column":null}},"55":{"start":{"line":164,"column":2},"end":{"line":164,"column":null}},"56":{"start":{"line":167,"column":29},"end":{"line":167,"column":null}},"57":{"start":{"line":168,"column":2},"end":{"line":175,"column":null}},"58":{"start":{"line":169,"column":17},"end":{"line":169,"column":null}},"59":{"start":{"line":170,"column":14},"end":{"line":170,"column":null}},"60":{"start":{"line":171,"column":4},"end":{"line":171,"column":null}},"61":{"start":{"line":171,"column":26},"end":{"line":171,"column":null}},"62":{"start":{"line":172,"column":4},"end":{"line":174,"column":null}},"63":{"start":{"line":173,"column":6},"end":{"line":173,"column":null}},"64":{"start":{"line":176,"column":2},"end":{"line":176,"column":null}},"65":{"start":{"line":178,"column":2},"end":{"line":178,"column":null}},"66":{"start":{"line":183,"column":50},"end":{"line":189,"column":null}},"67":{"start":{"line":190,"column":23},"end":{"line":190,"column":null}},"68":{"start":{"line":191,"column":19},"end":{"line":191,"column":null}},"69":{"start":{"line":192,"column":14},"end":{"line":193,"column":null}},"70":{"start":{"line":194,"column":13},"end":{"line":195,"column":null}},"71":{"start":{"line":196,"column":14},"end":{"line":196,"column":null}},"72":{"start":{"line":197,"column":20},"end":{"line":198,"column":null}},"73":{"start":{"line":201,"column":12},"end":{"line":201,"column":null}},"74":{"start":{"line":202,"column":24},"end":{"line":202,"column":null}},"75":{"start":{"line":204,"column":2},"end":{"line":250,"column":null}},"76":{"start":{"line":252,"column":2},"end":{"line":253,"column":null}},"77":{"start":{"line":253,"column":32},"end":{"line":253,"column":55}},"78":{"start":{"line":259,"column":47},"end":{"line":266,"column":null}},"79":{"start":{"line":267,"column":2},"end":{"line":268,"column":null}},"80":{"start":{"line":268,"column":35},"end":{"line":268,"column":119}},"81":{"start":{"line":270,"column":19},"end":{"line":270,"column":null}},"82":{"start":{"line":271,"column":2},"end":{"line":277,"column":null}},"83":{"start":{"line":272,"column":47},"end":{"line":277,"column":5}},"84":{"start":{"line":282,"column":31},"end":{"line":282,"column":null}},"85":{"start":{"line":283,"column":2},"end":{"line":291,"column":null}},"86":{"start":{"line":283,"column":15},"end":{"line":283,"column":18}},"87":{"start":{"line":284,"column":22},"end":{"line":284,"column":null}},"88":{"start":{"line":285,"column":4},"end":{"line":290,"column":null}},"89":{"start":{"line":292,"column":2},"end":{"line":292,"column":null}},"90":{"start":{"line":294,"column":31},"end":{"line":294,"column":null}},"91":{"start":{"line":295,"column":15},"end":{"line":295,"column":null}},"92":{"start":{"line":296,"column":2},"end":{"line":303,"column":null}},"93":{"start":{"line":296,"column":15},"end":{"line":296,"column":18}},"94":{"start":{"line":297,"column":14},"end":{"line":297,"column":null}},"95":{"start":{"line":298,"column":17},"end":{"line":298,"column":null}},"96":{"start":{"line":299,"column":14},"end":{"line":299,"column":null}},"97":{"start":{"line":300,"column":4},"end":{"line":300,"column":null}},"98":{"start":{"line":300,"column":21},"end":{"line":300,"column":null}},"99":{"start":{"line":301,"column":4},"end":{"line":301,"column":null}},"100":{"start":{"line":302,"column":4},"end":{"line":302,"column":null}},"101":{"start":{"line":304,"column":2},"end":{"line":304,"column":null}},"102":{"start":{"line":307,"column":21},"end":{"line":307,"column":null}},"103":{"start":{"line":308,"column":31},"end":{"line":308,"column":null}},"104":{"start":{"line":309,"column":21},"end":{"line":309,"column":null}},"105":{"start":{"line":310,"column":2},"end":{"line":318,"column":null}},"106":{"start":{"line":310,"column":15},"end":{"line":310,"column":18}},"107":{"start":{"line":311,"column":19},"end":{"line":311,"column":null}},"108":{"start":{"line":312,"column":15},"end":{"line":312,"column":null}},"109":{"start":{"line":313,"column":4},"end":{"line":313,"column":null}},"110":{"start":{"line":313,"column":25},"end":{"line":313,"column":null}},"111":{"start":{"line":314,"column":4},"end":{"line":317,"column":null}},"112":{"start":{"line":319,"column":2},"end":{"line":319,"column":null}},"113":{"start":{"line":321,"column":32},"end":{"line":321,"column":null}},"114":{"start":{"line":322,"column":16},"end":{"line":322,"column":null}},"115":{"start":{"line":323,"column":2},"end":{"line":331,"column":null}},"116":{"start":{"line":323,"column":15},"end":{"line":323,"column":18}},"117":{"start":{"line":324,"column":14},"end":{"line":324,"column":null}},"118":{"start":{"line":325,"column":4},"end":{"line":330,"column":null}},"119":{"start":{"line":325,"column":17},"end":{"line":325,"column":20}},"120":{"start":{"line":326,"column":6},"end":{"line":329,"column":null}},"121":{"start":{"line":332,"column":2},"end":{"line":332,"column":null}},"122":{"start":{"line":334,"column":2},"end":{"line":334,"column":null}},"123":{"start":{"line":339,"column":16},"end":{"line":340,"column":null}},"124":{"start":{"line":341,"column":15},"end":{"line":342,"column":null}},"125":{"start":{"line":343,"column":14},"end":{"line":343,"column":null}},"126":{"start":{"line":353,"column":12},"end":{"line":353,"column":null}},"127":{"start":{"line":354,"column":27},"end":{"line":354,"column":null}},"128":{"start":{"line":355,"column":27},"end":{"line":355,"column":null}},"129":{"start":{"line":359,"column":21},"end":{"line":359,"column":null}},"130":{"start":{"line":360,"column":12},"end":{"line":360,"column":null}},"131":{"start":{"line":361,"column":2},"end":{"line":390,"column":null}},"132":{"start":{"line":361,"column":15},"end":{"line":361,"column":18}},"133":{"start":{"line":362,"column":15},"end":{"line":362,"column":null}},"134":{"start":{"line":363,"column":15},"end":{"line":363,"column":null}},"135":{"start":{"line":364,"column":15},"end":{"line":364,"column":null}},"136":{"start":{"line":365,"column":15},"end":{"line":365,"column":null}},"137":{"start":{"line":366,"column":17},"end":{"line":366,"column":null}},"138":{"start":{"line":367,"column":4},"end":{"line":369,"column":null}},"139":{"start":{"line":367,"column":21},"end":{"line":367,"column":null}},"140":{"start":{"line":367,"column":45},"end":{"line":369,"column":null}},"141":{"start":{"line":368,"column":26},"end":{"line":368,"column":null}},"142":{"start":{"line":368,"column":42},"end":{"line":369,"column":null}},"143":{"start":{"line":369,"column":26},"end":{"line":369,"column":null}},"144":{"start":{"line":372,"column":15},"end":{"line":372,"column":null}},"145":{"start":{"line":373,"column":4},"end":{"line":380,"column":null}},"146":{"start":{"line":373,"column":19},"end":{"line":373,"column":null}},"147":{"start":{"line":373,"column":27},"end":{"line":380,"column":null}},"148":{"start":{"line":374,"column":23},"end":{"line":374,"column":null}},"149":{"start":{"line":374,"column":35},"end":{"line":380,"column":null}},"150":{"start":{"line":375,"column":45},"end":{"line":375,"column":null}},"151":{"start":{"line":377,"column":16},"end":{"line":377,"column":null}},"152":{"start":{"line":378,"column":6},"end":{"line":378,"column":null}},"153":{"start":{"line":379,"column":6},"end":{"line":379,"column":null}},"154":{"start":{"line":382,"column":14},"end":{"line":382,"column":null}},"155":{"start":{"line":383,"column":17},"end":{"line":383,"column":null}},"156":{"start":{"line":384,"column":4},"end":{"line":384,"column":null}},"157":{"start":{"line":384,"column":53},"end":{"line":384,"column":null}},"158":{"start":{"line":385,"column":4},"end":{"line":385,"column":null}},"159":{"start":{"line":386,"column":4},"end":{"line":389,"column":null}},"160":{"start":{"line":392,"column":2},"end":{"line":395,"column":null}},"161":{"start":{"line":392,"column":15},"end":{"line":392,"column":18}},"162":{"start":{"line":393,"column":16},"end":{"line":393,"column":null}},"163":{"start":{"line":394,"column":4},"end":{"line":394,"column":null}},"164":{"start":{"line":396,"column":2},"end":{"line":396,"column":null}},"165":{"start":{"line":404,"column":12},"end":{"line":404,"column":null}},"166":{"start":{"line":405,"column":27},"end":{"line":405,"column":null}},"167":{"start":{"line":406,"column":12},"end":{"line":406,"column":null}},"168":{"start":{"line":408,"column":8},"end":{"line":408,"column":null}},"169":{"start":{"line":409,"column":2},"end":{"line":416,"column":null}},"170":{"start":{"line":409,"column":15},"end":{"line":409,"column":18}},"171":{"start":{"line":410,"column":4},"end":{"line":415,"column":null}},"172":{"start":{"line":417,"column":2},"end":{"line":417,"column":null}},"173":{"start":{"line":422,"column":73},"end":{"line":427,"column":null}}},"fnMap":{"0":{"name":"rng","decl":{"start":{"line":12,"column":9},"end":{"line":12,"column":13}},"loc":{"start":{"line":12,"column":41},"end":{"line":21,"column":null}},"line":12},"1":{"name":"(anonymous_1)","decl":{"start":{"line":14,"column":9},"end":{"line":14,"column":15}},"loc":{"start":{"line":14,"column":15},"end":{"line":20,"column":null}},"line":14},"2":{"name":"(anonymous_2)","decl":{"start":{"line":23,"column":10},"end":{"line":23,"column":11}},"loc":{"start":{"line":23,"column":25},"end":{"line":23,"column":null}},"line":23},"3":{"name":"pick","decl":{"start":{"line":25,"column":9},"end":{"line":25,"column":17}},"loc":{"start":{"line":25,"column":47},"end":{"line":27,"column":null}},"line":25},"4":{"name":"int","decl":{"start":{"line":28,"column":9},"end":{"line":28,"column":13}},"loc":{"start":{"line":28,"column":64},"end":{"line":30,"column":null}},"line":28},"5":{"name":"inserts","decl":{"start":{"line":33,"column":9},"end":{"line":33,"column":17}},"loc":{"start":{"line":33,"column":74},"end":{"line":44,"column":null}},"line":33},"6":{"name":"(anonymous_6)","decl":{"start":{"line":39,"column":18},"end":{"line":39,"column":19}},"loc":{"start":{"line":39,"column":25},"end":{"line":39,"column":44}},"line":39},"7":{"name":"tradingDay","decl":{"start":{"line":47,"column":9},"end":{"line":47,"column":20}},"loc":{"start":{"line":47,"column":44},"end":{"line":50,"column":null}},"line":47},"8":{"name":"tradingSetup","decl":{"start":{"line":68,"column":9},"end":{"line":68,"column":22}},"loc":{"start":{"line":68,"column":48},"end":{"line":179,"column":null}},"line":68},"9":{"name":"(anonymous_9)","decl":{"start":{"line":115,"column":18},"end":{"line":115,"column":19}},"loc":{"start":{"line":115,"column":38},"end":{"line":115,"column":69}},"line":115},"10":{"name":"logisticsSetup","decl":{"start":{"line":200,"column":9},"end":{"line":200,"column":24}},"loc":{"start":{"line":200,"column":50},"end":{"line":335,"column":null}},"line":200},"11":{"name":"(anonymous_11)","decl":{"start":{"line":253,"column":17},"end":{"line":253,"column":18}},"loc":{"start":{"line":253,"column":32},"end":{"line":253,"column":55}},"line":253},"12":{"name":"(anonymous_12)","decl":{"start":{"line":268,"column":20},"end":{"line":268,"column":21}},"loc":{"start":{"line":268,"column":35},"end":{"line":268,"column":119}},"line":268},"13":{"name":"(anonymous_13)","decl":{"start":{"line":272,"column":37},"end":{"line":272,"column":38}},"loc":{"start":{"line":272,"column":47},"end":{"line":277,"column":5}},"line":272},"14":{"name":"clinicalBulkPatients","decl":{"start":{"line":352,"column":9},"end":{"line":352,"column":30}},"loc":{"start":{"line":352,"column":56},"end":{"line":397,"column":null}},"line":352},"15":{"name":"clinicalBulkVisits","decl":{"start":{"line":403,"column":9},"end":{"line":403,"column":28}},"loc":{"start":{"line":403,"column":54},"end":{"line":418,"column":null}},"line":403}},"branchMap":{"0":{"loc":{"start":{"line":69,"column":16},"end":{"line":69,"column":50}},"type":"cond-expr","locations":[{"start":{"line":69,"column":26},"end":{"line":69,"column":41}},{"start":{"line":69,"column":41},"end":{"line":69,"column":50}}],"line":69},"1":{"loc":{"start":{"line":141,"column":18},"end":{"line":141,"column":null}},"type":"cond-expr","locations":[{"start":{"line":141,"column":28},"end":{"line":141,"column":34}},{"start":{"line":141,"column":34},"end":{"line":141,"column":null}}],"line":141},"2":{"loc":{"start":{"line":146,"column":48},"end":{"line":146,"column":75}},"type":"cond-expr","locations":[{"start":{"line":146,"column":61},"end":{"line":146,"column":69}},{"start":{"line":146,"column":69},"end":{"line":146,"column":75}}],"line":146},"3":{"loc":{"start":{"line":147,"column":34},"end":{"line":147,"column":null}},"type":"cond-expr","locations":[{"start":{"line":147,"column":43},"end":{"line":147,"column":53}},{"start":{"line":147,"column":43},"end":{"line":147,"column":null}}],"line":147},"4":{"loc":{"start":{"line":157,"column":4},"end":{"line":162,"column":null}},"type":"if","locations":[{"start":{"line":157,"column":4},"end":{"line":162,"column":null}},{"start":{},"end":{}}],"line":157},"5":{"loc":{"start":{"line":201,"column":16},"end":{"line":201,"column":58}},"type":"cond-expr","locations":[{"start":{"line":201,"column":26},"end":{"line":201,"column":45}},{"start":{"line":201,"column":45},"end":{"line":201,"column":58}}],"line":201},"6":{"loc":{"start":{"line":276,"column":6},"end":{"line":276,"column":null}},"type":"cond-expr","locations":[{"start":{"line":276,"column":26},"end":{"line":276,"column":35}},{"start":{"line":276,"column":35},"end":{"line":276,"column":null}}],"line":276},"7":{"loc":{"start":{"line":287,"column":8},"end":{"line":287,"column":60}},"type":"cond-expr","locations":[{"start":{"line":287,"column":20},"end":{"line":287,"column":32}},{"start":{"line":287,"column":32},"end":{"line":287,"column":60}}],"line":287},"8":{"loc":{"start":{"line":288,"column":6},"end":{"line":288,"column":null}},"type":"cond-expr","locations":[{"start":{"line":288,"column":16},"end":{"line":288,"column":46}},{"start":{"line":288,"column":46},"end":{"line":288,"column":null}}],"line":288},"9":{"loc":{"start":{"line":289,"column":6},"end":{"line":289,"column":null}},"type":"cond-expr","locations":[{"start":{"line":289,"column":19},"end":{"line":289,"column":45}},{"start":{"line":289,"column":45},"end":{"line":289,"column":null}}],"line":289},"10":{"loc":{"start":{"line":289,"column":19},"end":{"line":289,"column":45}},"type":"cond-expr","locations":[{"start":{"line":289,"column":29},"end":{"line":289,"column":38}},{"start":{"line":289,"column":38},"end":{"line":289,"column":45}}],"line":289},"11":{"loc":{"start":{"line":300,"column":4},"end":{"line":300,"column":null}},"type":"if","locations":[{"start":{"line":300,"column":4},"end":{"line":300,"column":null}},{"start":{},"end":{}}],"line":300},"12":{"loc":{"start":{"line":307,"column":21},"end":{"line":307,"column":null}},"type":"cond-expr","locations":[{"start":{"line":307,"column":31},"end":{"line":307,"column":37}},{"start":{"line":307,"column":37},"end":{"line":307,"column":null}}],"line":307},"13":{"loc":{"start":{"line":313,"column":4},"end":{"line":313,"column":null}},"type":"if","locations":[{"start":{"line":313,"column":4},"end":{"line":313,"column":null}},{"start":{},"end":{}}],"line":313},"14":{"loc":{"start":{"line":328,"column":37},"end":{"line":328,"column":null}},"type":"cond-expr","locations":[{"start":{"line":328,"column":50},"end":{"line":328,"column":56}},{"start":{"line":328,"column":56},"end":{"line":328,"column":null}}],"line":328},"15":{"loc":{"start":{"line":353,"column":16},"end":{"line":353,"column":58}},"type":"cond-expr","locations":[{"start":{"line":353,"column":26},"end":{"line":353,"column":45}},{"start":{"line":353,"column":45},"end":{"line":353,"column":58}}],"line":353},"16":{"loc":{"start":{"line":360,"column":12},"end":{"line":360,"column":null}},"type":"cond-expr","locations":[{"start":{"line":360,"column":22},"end":{"line":360,"column":28}},{"start":{"line":360,"column":28},"end":{"line":360,"column":null}}],"line":360},"17":{"loc":{"start":{"line":367,"column":4},"end":{"line":369,"column":null}},"type":"if","locations":[{"start":{"line":367,"column":4},"end":{"line":369,"column":null}},{"start":{"line":367,"column":45},"end":{"line":369,"column":null}}],"line":367},"18":{"loc":{"start":{"line":367,"column":45},"end":{"line":369,"column":null}},"type":"if","locations":[{"start":{"line":367,"column":45},"end":{"line":369,"column":null}},{"start":{"line":368,"column":42},"end":{"line":369,"column":null}}],"line":367},"19":{"loc":{"start":{"line":368,"column":42},"end":{"line":369,"column":null}},"type":"if","locations":[{"start":{"line":368,"column":42},"end":{"line":369,"column":null}},{"start":{},"end":{}}],"line":368},"20":{"loc":{"start":{"line":373,"column":4},"end":{"line":380,"column":null}},"type":"if","locations":[{"start":{"line":373,"column":4},"end":{"line":380,"column":null}},{"start":{"line":373,"column":27},"end":{"line":380,"column":null}}],"line":373},"21":{"loc":{"start":{"line":373,"column":27},"end":{"line":380,"column":null}},"type":"if","locations":[{"start":{"line":373,"column":27},"end":{"line":380,"column":null}},{"start":{"line":374,"column":35},"end":{"line":380,"column":null}}],"line":373},"22":{"loc":{"start":{"line":374,"column":35},"end":{"line":380,"column":null}},"type":"if","locations":[{"start":{"line":374,"column":35},"end":{"line":380,"column":null}},{"start":{"line":376,"column":9},"end":{"line":380,"column":null}}],"line":374},"23":{"loc":{"start":{"line":375,"column":13},"end":{"line":375,"column":45}},"type":"binary-expr","locations":[{"start":{"line":375,"column":13},"end":{"line":375,"column":26}},{"start":{"line":375,"column":26},"end":{"line":375,"column":45}}],"line":375},"24":{"loc":{"start":{"line":382,"column":14},"end":{"line":382,"column":null}},"type":"cond-expr","locations":[{"start":{"line":382,"column":27},"end":{"line":382,"column":46}},{"start":{"line":382,"column":46},"end":{"line":382,"column":null}}],"line":382},"25":{"loc":{"start":{"line":392,"column":23},"end":{"line":392,"column":41}},"type":"cond-expr","locations":[{"start":{"line":392,"column":33},"end":{"line":392,"column":37}},{"start":{"line":392,"column":37},"end":{"line":392,"column":41}}],"line":392},"26":{"loc":{"start":{"line":404,"column":16},"end":{"line":404,"column":58}},"type":"cond-expr","locations":[{"start":{"line":404,"column":26},"end":{"line":404,"column":45}},{"start":{"line":404,"column":45},"end":{"line":404,"column":58}}],"line":404},"27":{"loc":{"start":{"line":406,"column":12},"end":{"line":406,"column":null}},"type":"cond-expr","locations":[{"start":{"line":406,"column":22},"end":{"line":406,"column":29}},{"start":{"line":406,"column":29},"end":{"line":406,"column":null}}],"line":406},"28":{"loc":{"start":{"line":408,"column":28},"end":{"line":408,"column":51}},"type":"cond-expr","locations":[{"start":{"line":408,"column":38},"end":{"line":408,"column":44}},{"start":{"line":408,"column":44},"end":{"line":408,"column":51}}],"line":408},"29":{"loc":{"start":{"line":412,"column":6},"end":{"line":412,"column":null}},"type":"cond-expr","locations":[{"start":{"line":412,"column":19},"end":{"line":412,"column":28}},{"start":{"line":412,"column":28},"end":{"line":412,"column":null}}],"line":412},"30":{"loc":{"start":{"line":414,"column":6},"end":{"line":414,"column":null}},"type":"cond-expr","locations":[{"start":{"line":414,"column":18},"end":{"line":414,"column":106}},{"start":{"line":414,"column":106},"end":{"line":414,"column":null}}],"line":414}},"s":{"0":2,"1":2,"2":283,"3":283,"4":2674415,"5":2674415,"6":2674415,"7":2674415,"8":2674415,"9":2,"10":1524140,"11":586536,"12":1032323,"13":1241,"14":1241,"15":1241,"16":2622,"17":2622,"18":725434,"19":2622,"20":260140,"21":260140,"22":2,"23":2,"24":97,"25":97,"26":97,"27":97,"28":1940,"29":97,"30":97,"31":97,"32":1940,"33":1940,"34":1940,"35":38800,"36":38800,"37":38800,"38":271600,"39":271600,"40":97,"41":97,"42":97,"43":97,"44":97,"45":97,"46":86400,"47":86400,"48":86400,"49":97,"50":97,"51":97,"52":97,"53":86400,"54":52277,"55":97,"56":97,"57":97,"58":582,"59":582,"60":582,"61":3873,"62":582,"63":3298,"64":97,"65":97,"66":2,"67":2,"68":2,"69":2,"70":2,"71":2,"72":2,"73":95,"74":95,"75":95,"76":95,"77":1330,"78":95,"79":95,"80":2850,"81":95,"82":95,"83":1710,"84":95,"85":95,"86":95,"87":5700,"88":5700,"89":95,"90":95,"91":95,"92":95,"93":95,"94":13300,"95":13300,"96":13300,"97":13300,"98":2267,"99":11033,"100":11033,"101":95,"102":95,"103":95,"104":95,"105":95,"106":95,"107":75180,"108":75180,"109":75180,"110":5817,"111":75180,"112":95,"113":95,"114":95,"115":95,"116":95,"117":75180,"118":75180,"119":75180,"120":151943,"121":95,"122":95,"123":2,"124":2,"125":2,"126":54,"127":54,"128":54,"129":54,"130":54,"131":54,"132":54,"133":16010,"134":16010,"135":16010,"136":16010,"137":16010,"138":16010,"139":959,"140":15051,"141":921,"142":14130,"143":394,"144":16010,"145":16010,"146":1080,"147":14930,"148":416,"149":14514,"150":1322,"151":13192,"152":13192,"153":13192,"154":16010,"155":16010,"156":16010,"157":0,"158":16010,"159":16010,"160":54,"161":54,"162":413,"163":413,"164":54,"165":37,"166":37,"167":37,"168":37,"169":37,"170":37,"171":43750,"172":37,"173":2},"f":{"0":283,"1":2674415,"2":1524140,"3":586536,"4":1032323,"5":1241,"6":725434,"7":260140,"8":97,"9":1940,"10":95,"11":1330,"12":2850,"13":1710,"14":54,"15":37},"b":{"0":[45,52],"1":[45,52],"2":[47343,39057],"3":[15925,70475],"4":[52277,34123],"5":[41,54],"6":[190,1520],"7":[1140,4560],"8":[5130,570],"9":[1140,4560],"10":[95,1045],"11":[2267,11033],"12":[41,54],"13":[5817,69363],"14":[18597,133346],"15":[19,35],"16":[19,35],"17":[959,15051],"18":[921,14130],"19":[394,13736],"20":[1080,14930],"21":[416,14514],"22":[1322,13192],"23":[14514,1322],"24":[340,15670],"25":[152,315],"26":[13,24],"27":[13,24],"28":[13,24],"29":[2362,41388],"30":[12598,31152]},"meta":{"lastBranch":31,"lastFunction":16,"lastStatement":174,"seen":{"s:8:18:8:Infinity":0,"s:9:21:9:Infinity":1,"f:12:9:12:13":0,"s:13:10:13:Infinity":2,"s:14:2:20:Infinity":3,"f:14:9:14:15":1,"s:15:4:15:Infinity":4,"s:16:4:16:Infinity":5,"s:17:12:17:Infinity":6,"s:18:4:18:Infinity":7,"s:19:4:19:Infinity":8,"s:23:10:23:Infinity":9,"f:23:10:23:11":2,"s:23:25:23:Infinity":10,"f:25:9:25:17":3,"s:26:2:26:Infinity":11,"f:28:9:28:13":4,"s:29:2:29:Infinity":12,"f:33:9:33:17":5,"s:34:24:34:Infinity":13,"s:35:2:42:Infinity":14,"s:35:15:35:18":15,"s:36:18:36:Infinity":16,"s:37:4:41:Infinity":17,"f:39:18:39:19":6,"s:39:25:39:44":18,"s:43:2:43:Infinity":19,"f:47:9:47:20":7,"s:48:12:48:Infinity":20,"s:49:2:49:Infinity":21,"s:54:57:65:Infinity":22,"s:66:16:66:Infinity":23,"f:68:9:68:22":8,"s:69:12:69:Infinity":24,"b:69:26:69:41:69:41:69:50":0,"s:70:24:70:Infinity":25,"s:72:2:111:Infinity":26,"s:113:2:116:Infinity":27,"f:115:18:115:19":9,"s:115:38:115:69":28,"s:120:31:120:Infinity":29,"s:121:15:121:Infinity":30,"s:122:2:134:Infinity":31,"s:123:16:123:Infinity":32,"s:124:4:133:Infinity":33,"s:124:17:124:20":34,"s:125:18:125:Infinity":35,"s:126:6:132:Infinity":36,"s:126:19:126:22":37,"s:127:8:127:Infinity":38,"s:128:8:131:Infinity":39,"s:135:2:135:Infinity":40,"s:139:32:139:Infinity":41,"s:140:19:140:Infinity":42,"s:141:18:141:Infinity":43,"b:141:28:141:34:141:34:141:Infinity":1,"s:142:2:150:Infinity":44,"s:142:15:142:18":45,"s:143:16:143:Infinity":46,"s:144:19:144:Infinity":47,"s:145:4:149:Infinity":48,"b:146:61:146:69:146:69:146:75":2,"b:147:43:147:53:147:43:147:Infinity":3,"s:151:2:151:Infinity":49,"s:154:32:154:Infinity":50,"s:155:16:155:Infinity":51,"s:156:2:163:Infinity":52,"b:157:4:162:Infinity:undefined:undefined:undefined:undefined":4,"s:157:4:162:Infinity":53,"s:158:6:161:Infinity":54,"s:164:2:164:Infinity":55,"s:167:29:167:Infinity":56,"s:168:2:175:Infinity":57,"s:169:17:169:Infinity":58,"s:170:14:170:Infinity":59,"s:171:4:171:Infinity":60,"s:171:26:171:Infinity":61,"s:172:4:174:Infinity":62,"s:173:6:173:Infinity":63,"s:176:2:176:Infinity":64,"s:178:2:178:Infinity":65,"s:183:50:189:Infinity":66,"s:190:23:190:Infinity":67,"s:191:19:191:Infinity":68,"s:192:14:193:Infinity":69,"s:194:13:195:Infinity":70,"s:196:14:196:Infinity":71,"s:197:20:198:Infinity":72,"f:200:9:200:24":10,"s:201:12:201:Infinity":73,"b:201:26:201:45:201:45:201:58":5,"s:202:24:202:Infinity":74,"s:204:2:250:Infinity":75,"s:252:2:253:Infinity":76,"f:253:17:253:18":11,"s:253:32:253:55":77,"s:259:47:266:Infinity":78,"s:267:2:268:Infinity":79,"f:268:20:268:21":12,"s:268:35:268:119":80,"s:270:19:270:Infinity":81,"s:271:2:277:Infinity":82,"f:272:37:272:38":13,"s:272:47:277:5":83,"b:276:26:276:35:276:35:276:Infinity":6,"s:282:31:282:Infinity":84,"s:283:2:291:Infinity":85,"s:283:15:283:18":86,"s:284:22:284:Infinity":87,"s:285:4:290:Infinity":88,"b:287:20:287:32:287:32:287:60":7,"b:288:16:288:46:288:46:288:Infinity":8,"b:289:19:289:45:289:45:289:Infinity":9,"b:289:29:289:38:289:38:289:45":10,"s:292:2:292:Infinity":89,"s:294:31:294:Infinity":90,"s:295:15:295:Infinity":91,"s:296:2:303:Infinity":92,"s:296:15:296:18":93,"s:297:14:297:Infinity":94,"s:298:17:298:Infinity":95,"s:299:14:299:Infinity":96,"b:300:4:300:Infinity:undefined:undefined:undefined:undefined":11,"s:300:4:300:Infinity":97,"s:300:21:300:Infinity":98,"s:301:4:301:Infinity":99,"s:302:4:302:Infinity":100,"s:304:2:304:Infinity":101,"s:307:21:307:Infinity":102,"b:307:31:307:37:307:37:307:Infinity":12,"s:308:31:308:Infinity":103,"s:309:21:309:Infinity":104,"s:310:2:318:Infinity":105,"s:310:15:310:18":106,"s:311:19:311:Infinity":107,"s:312:15:312:Infinity":108,"b:313:4:313:Infinity:undefined:undefined:undefined:undefined":13,"s:313:4:313:Infinity":109,"s:313:25:313:Infinity":110,"s:314:4:317:Infinity":111,"s:319:2:319:Infinity":112,"s:321:32:321:Infinity":113,"s:322:16:322:Infinity":114,"s:323:2:331:Infinity":115,"s:323:15:323:18":116,"s:324:14:324:Infinity":117,"s:325:4:330:Infinity":118,"s:325:17:325:20":119,"s:326:6:329:Infinity":120,"b:328:50:328:56:328:56:328:Infinity":14,"s:332:2:332:Infinity":121,"s:334:2:334:Infinity":122,"s:339:16:340:Infinity":123,"s:341:15:342:Infinity":124,"s:343:14:343:Infinity":125,"f:352:9:352:30":14,"s:353:12:353:Infinity":126,"b:353:26:353:45:353:45:353:58":15,"s:354:27:354:Infinity":127,"s:355:27:355:Infinity":128,"s:359:21:359:Infinity":129,"s:360:12:360:Infinity":130,"b:360:22:360:28:360:28:360:Infinity":16,"s:361:2:390:Infinity":131,"s:361:15:361:18":132,"s:362:15:362:Infinity":133,"s:363:15:363:Infinity":134,"s:364:15:364:Infinity":135,"s:365:15:365:Infinity":136,"s:366:17:366:Infinity":137,"b:367:4:369:Infinity:367:45:369:Infinity":17,"s:367:4:369:Infinity":138,"s:367:21:367:Infinity":139,"b:367:45:369:Infinity:368:42:369:Infinity":18,"s:367:45:369:Infinity":140,"s:368:26:368:Infinity":141,"b:368:42:369:Infinity:undefined:undefined:undefined:undefined":19,"s:368:42:369:Infinity":142,"s:369:26:369:Infinity":143,"s:372:15:372:Infinity":144,"b:373:4:380:Infinity:373:27:380:Infinity":20,"s:373:4:380:Infinity":145,"s:373:19:373:Infinity":146,"b:373:27:380:Infinity:374:35:380:Infinity":21,"s:373:27:380:Infinity":147,"s:374:23:374:Infinity":148,"b:374:35:380:Infinity:376:9:380:Infinity":22,"s:374:35:380:Infinity":149,"b:375:13:375:26:375:26:375:45":23,"s:375:45:375:Infinity":150,"s:377:16:377:Infinity":151,"s:378:6:378:Infinity":152,"s:379:6:379:Infinity":153,"s:382:14:382:Infinity":154,"b:382:27:382:46:382:46:382:Infinity":24,"s:383:17:383:Infinity":155,"s:384:4:384:Infinity":156,"s:384:53:384:Infinity":157,"s:385:4:385:Infinity":158,"s:386:4:389:Infinity":159,"s:392:2:395:Infinity":160,"s:392:15:392:18":161,"b:392:33:392:37:392:37:392:41":25,"s:393:16:393:Infinity":162,"s:394:4:394:Infinity":163,"s:396:2:396:Infinity":164,"f:403:9:403:28":15,"s:404:12:404:Infinity":165,"b:404:26:404:45:404:45:404:58":26,"s:405:27:405:Infinity":166,"s:406:12:406:Infinity":167,"b:406:22:406:29:406:29:406:Infinity":27,"s:408:8:408:Infinity":168,"b:408:38:408:44:408:44:408:51":28,"s:409:2:416:Infinity":169,"s:409:15:409:18":170,"s:410:4:415:Infinity":171,"b:412:19:412:28:412:28:412:Infinity":29,"b:414:18:414:106:414:106:414:Infinity":30,"s:417:2:417:Infinity":172,"s:422:73:427:Infinity":173},"fnNames":{}}},"/home/runner/work/tuples/tuples/src/lib/errorCoach.ts":{"path":"/home/runner/work/tuples/tuples/src/lib/errorCoach.ts","statementMap":{"0":{"start":{"line":5,"column":2},"end":{"line":5,"column":null}},"1":{"start":{"line":5,"column":14},"end":{"line":5,"column":null}},"2":{"start":{"line":6,"column":12},"end":{"line":6,"column":null}},"3":{"start":{"line":7,"column":8},"end":{"line":7,"column":null}},"4":{"start":{"line":10,"column":2},"end":{"line":14,"column":null}},"5":{"start":{"line":11,"column":4},"end":{"line":12,"column":null}},"6":{"start":{"line":12,"column":6},"end":{"line":12,"column":null}},"7":{"start":{"line":13,"column":4},"end":{"line":13,"column":null}},"8":{"start":{"line":17,"column":2},"end":{"line":21,"column":null}},"9":{"start":{"line":18,"column":14},"end":{"line":18,"column":null}},"10":{"start":{"line":19,"column":17},"end":{"line":19,"column":null}},"11":{"start":{"line":20,"column":4},"end":{"line":20,"column":null}},"12":{"start":{"line":24,"column":2},"end":{"line":28,"column":null}},"13":{"start":{"line":25,"column":14},"end":{"line":25,"column":null}},"14":{"start":{"line":26,"column":17},"end":{"line":26,"column":null}},"15":{"start":{"line":27,"column":4},"end":{"line":27,"column":null}},"16":{"start":{"line":31,"column":2},"end":{"line":33,"column":null}},"17":{"start":{"line":32,"column":4},"end":{"line":32,"column":null}},"18":{"start":{"line":36,"column":2},"end":{"line":42,"column":null}},"19":{"start":{"line":37,"column":4},"end":{"line":38,"column":null}},"20":{"start":{"line":38,"column":6},"end":{"line":38,"column":null}},"21":{"start":{"line":39,"column":4},"end":{"line":40,"column":null}},"22":{"start":{"line":40,"column":6},"end":{"line":40,"column":null}},"23":{"start":{"line":41,"column":4},"end":{"line":41,"column":null}},"24":{"start":{"line":45,"column":2},"end":{"line":46,"column":null}},"25":{"start":{"line":46,"column":4},"end":{"line":46,"column":null}},"26":{"start":{"line":49,"column":2},"end":{"line":50,"column":null}},"27":{"start":{"line":50,"column":4},"end":{"line":50,"column":null}},"28":{"start":{"line":52,"column":2},"end":{"line":52,"column":null}}},"fnMap":{"0":{"name":"coachError","decl":{"start":{"line":4,"column":16},"end":{"line":4,"column":27}},"loc":{"start":{"line":4,"column":92},"end":{"line":53,"column":null}},"line":4}},"branchMap":{"0":{"loc":{"start":{"line":5,"column":2},"end":{"line":5,"column":null}},"type":"if","locations":[{"start":{"line":5,"column":2},"end":{"line":5,"column":null}},{"start":{},"end":{}}],"line":5},"1":{"loc":{"start":{"line":7,"column":13},"end":{"line":7,"column":26}},"type":"binary-expr","locations":[{"start":{"line":7,"column":13},"end":{"line":7,"column":22}},{"start":{"line":7,"column":22},"end":{"line":7,"column":26}}],"line":7},"2":{"loc":{"start":{"line":10,"column":2},"end":{"line":14,"column":null}},"type":"if","locations":[{"start":{"line":10,"column":2},"end":{"line":14,"column":null}},{"start":{},"end":{}}],"line":10},"3":{"loc":{"start":{"line":10,"column":6},"end":{"line":10,"column":90}},"type":"binary-expr","locations":[{"start":{"line":10,"column":6},"end":{"line":10,"column":44}},{"start":{"line":10,"column":44},"end":{"line":10,"column":70}},{"start":{"line":10,"column":70},"end":{"line":10,"column":90}}],"line":10},"4":{"loc":{"start":{"line":11,"column":4},"end":{"line":12,"column":null}},"type":"if","locations":[{"start":{"line":11,"column":4},"end":{"line":12,"column":null}},{"start":{},"end":{}}],"line":11},"5":{"loc":{"start":{"line":11,"column":8},"end":{"line":11,"column":null}},"type":"binary-expr","locations":[{"start":{"line":11,"column":8},"end":{"line":11,"column":37}},{"start":{"line":11,"column":37},"end":{"line":11,"column":null}}],"line":11},"6":{"loc":{"start":{"line":17,"column":2},"end":{"line":21,"column":null}},"type":"if","locations":[{"start":{"line":17,"column":2},"end":{"line":21,"column":null}},{"start":{},"end":{}}],"line":17},"7":{"loc":{"start":{"line":19,"column":17},"end":{"line":19,"column":null}},"type":"cond-expr","locations":[{"start":{"line":19,"column":21},"end":{"line":19,"column":35}},{"start":{"line":19,"column":35},"end":{"line":19,"column":null}}],"line":19},"8":{"loc":{"start":{"line":24,"column":2},"end":{"line":28,"column":null}},"type":"if","locations":[{"start":{"line":24,"column":2},"end":{"line":28,"column":null}},{"start":{},"end":{}}],"line":24},"9":{"loc":{"start":{"line":26,"column":17},"end":{"line":26,"column":null}},"type":"cond-expr","locations":[{"start":{"line":26,"column":21},"end":{"line":26,"column":35}},{"start":{"line":26,"column":35},"end":{"line":26,"column":null}}],"line":26},"10":{"loc":{"start":{"line":31,"column":2},"end":{"line":33,"column":null}},"type":"if","locations":[{"start":{"line":31,"column":2},"end":{"line":33,"column":null}},{"start":{},"end":{}}],"line":31},"11":{"loc":{"start":{"line":36,"column":2},"end":{"line":42,"column":null}},"type":"if","locations":[{"start":{"line":36,"column":2},"end":{"line":42,"column":null}},{"start":{},"end":{}}],"line":36},"12":{"loc":{"start":{"line":37,"column":4},"end":{"line":38,"column":null}},"type":"if","locations":[{"start":{"line":37,"column":4},"end":{"line":38,"column":null}},{"start":{},"end":{}}],"line":37},"13":{"loc":{"start":{"line":37,"column":8},"end":{"line":37,"column":null}},"type":"binary-expr","locations":[{"start":{"line":37,"column":8},"end":{"line":37,"column":32}},{"start":{"line":37,"column":32},"end":{"line":37,"column":null}}],"line":37},"14":{"loc":{"start":{"line":39,"column":4},"end":{"line":40,"column":null}},"type":"if","locations":[{"start":{"line":39,"column":4},"end":{"line":40,"column":null}},{"start":{},"end":{}}],"line":39},"15":{"loc":{"start":{"line":39,"column":8},"end":{"line":39,"column":null}},"type":"binary-expr","locations":[{"start":{"line":39,"column":8},"end":{"line":39,"column":36}},{"start":{"line":39,"column":36},"end":{"line":39,"column":null}}],"line":39},"16":{"loc":{"start":{"line":45,"column":2},"end":{"line":46,"column":null}},"type":"if","locations":[{"start":{"line":45,"column":2},"end":{"line":46,"column":null}},{"start":{},"end":{}}],"line":45},"17":{"loc":{"start":{"line":45,"column":6},"end":{"line":45,"column":null}},"type":"binary-expr","locations":[{"start":{"line":45,"column":6},"end":{"line":45,"column":43}},{"start":{"line":45,"column":43},"end":{"line":45,"column":null}}],"line":45},"18":{"loc":{"start":{"line":49,"column":2},"end":{"line":50,"column":null}},"type":"if","locations":[{"start":{"line":49,"column":2},"end":{"line":50,"column":null}},{"start":{},"end":{}}],"line":49},"19":{"loc":{"start":{"line":49,"column":6},"end":{"line":49,"column":null}},"type":"binary-expr","locations":[{"start":{"line":49,"column":6},"end":{"line":49,"column":41}},{"start":{"line":49,"column":41},"end":{"line":49,"column":null}}],"line":49}},"s":{"0":11,"1":2,"2":9,"3":9,"4":11,"5":2,"6":1,"7":1,"8":7,"9":1,"10":1,"11":1,"12":6,"13":1,"14":1,"15":1,"16":5,"17":1,"18":4,"19":2,"20":1,"21":1,"22":0,"23":1,"24":2,"25":1,"26":1,"27":0,"28":1},"f":{"0":11},"b":{"0":[2,9],"1":[9,5],"2":[2,9],"3":[11,7,0],"4":[1,1],"5":[2,2],"6":[1,6],"7":[1,0],"8":[1,5],"9":[1,0],"10":[1,4],"11":[2,2],"12":[1,1],"13":[2,2],"14":[0,1],"15":[1,0],"16":[1,1],"17":[2,1],"18":[0,1],"19":[1,1]},"meta":{"lastBranch":20,"lastFunction":1,"lastStatement":29,"seen":{"f:4:16:4:27":0,"b:5:2:5:Infinity:undefined:undefined:undefined:undefined":0,"s:5:2:5:Infinity":0,"s:5:14:5:Infinity":1,"s:6:12:6:Infinity":2,"s:7:8:7:Infinity":3,"b:7:13:7:22:7:22:7:26":1,"b:10:2:14:Infinity:undefined:undefined:undefined:undefined":2,"s:10:2:14:Infinity":4,"b:10:6:10:44:10:44:10:70:10:70:10:90":3,"b:11:4:12:Infinity:undefined:undefined:undefined:undefined":4,"s:11:4:12:Infinity":5,"b:11:8:11:37:11:37:11:Infinity":5,"s:12:6:12:Infinity":6,"s:13:4:13:Infinity":7,"b:17:2:21:Infinity:undefined:undefined:undefined:undefined":6,"s:17:2:21:Infinity":8,"s:18:14:18:Infinity":9,"s:19:17:19:Infinity":10,"b:19:21:19:35:19:35:19:Infinity":7,"s:20:4:20:Infinity":11,"b:24:2:28:Infinity:undefined:undefined:undefined:undefined":8,"s:24:2:28:Infinity":12,"s:25:14:25:Infinity":13,"s:26:17:26:Infinity":14,"b:26:21:26:35:26:35:26:Infinity":9,"s:27:4:27:Infinity":15,"b:31:2:33:Infinity:undefined:undefined:undefined:undefined":10,"s:31:2:33:Infinity":16,"s:32:4:32:Infinity":17,"b:36:2:42:Infinity:undefined:undefined:undefined:undefined":11,"s:36:2:42:Infinity":18,"b:37:4:38:Infinity:undefined:undefined:undefined:undefined":12,"s:37:4:38:Infinity":19,"b:37:8:37:32:37:32:37:Infinity":13,"s:38:6:38:Infinity":20,"b:39:4:40:Infinity:undefined:undefined:undefined:undefined":14,"s:39:4:40:Infinity":21,"b:39:8:39:36:39:36:39:Infinity":15,"s:40:6:40:Infinity":22,"s:41:4:41:Infinity":23,"b:45:2:46:Infinity:undefined:undefined:undefined:undefined":16,"s:45:2:46:Infinity":24,"b:45:6:45:43:45:43:45:Infinity":17,"s:46:4:46:Infinity":25,"b:49:2:50:Infinity:undefined:undefined:undefined:undefined":18,"s:49:2:50:Infinity":26,"b:49:6:49:41:49:41:49:Infinity":19,"s:50:4:50:Infinity":27,"s:52:2:52:Infinity":28},"fnNames":{}}},"/home/runner/work/tuples/tuples/src/lib/chartShape.ts":{"path":"/home/runner/work/tuples/tuples/src/lib/chartShape.ts","statementMap":{"0":{"start":{"line":13,"column":19},"end":{"line":13,"column":null}},"1":{"start":{"line":14,"column":19},"end":{"line":14,"column":null}},"2":{"start":{"line":17,"column":2},"end":{"line":17,"column":null}},"3":{"start":{"line":17,"column":29},"end":{"line":17,"column":null}},"4":{"start":{"line":18,"column":2},"end":{"line":18,"column":null}},"5":{"start":{"line":18,"column":48},"end":{"line":18,"column":null}},"6":{"start":{"line":19,"column":2},"end":{"line":19,"column":null}},"7":{"start":{"line":24,"column":2},"end":{"line":24,"column":null}},"8":{"start":{"line":24,"column":60},"end":{"line":24,"column":null}},"9":{"start":{"line":25,"column":2},"end":{"line":25,"column":null}},"10":{"start":{"line":25,"column":72},"end":{"line":25,"column":null}},"11":{"start":{"line":26,"column":2},"end":{"line":26,"column":null}},"12":{"start":{"line":34,"column":2},"end":{"line":34,"column":null}},"13":{"start":{"line":34,"column":38},"end":{"line":34,"column":null}},"14":{"start":{"line":35,"column":18},"end":{"line":35,"column":null}},"15":{"start":{"line":36,"column":2},"end":{"line":36,"column":null}},"16":{"start":{"line":36,"column":26},"end":{"line":36,"column":null}},"17":{"start":{"line":39,"column":32},"end":{"line":39,"column":null}},"18":{"start":{"line":40,"column":35},"end":{"line":40,"column":null}},"19":{"start":{"line":41,"column":2},"end":{"line":46,"column":null}},"20":{"start":{"line":42,"column":17},"end":{"line":42,"column":null}},"21":{"start":{"line":42,"column":36},"end":{"line":42,"column":42}},"22":{"start":{"line":42,"column":58},"end":{"line":42,"column":87}},"23":{"start":{"line":43,"column":4},"end":{"line":43,"column":null}},"24":{"start":{"line":43,"column":29},"end":{"line":43,"column":55}},"25":{"start":{"line":43,"column":55},"end":{"line":43,"column":65}},"26":{"start":{"line":44,"column":4},"end":{"line":45,"column":null}},"27":{"start":{"line":44,"column":31},"end":{"line":44,"column":null}},"28":{"start":{"line":45,"column":9},"end":{"line":45,"column":null}},"29":{"start":{"line":48,"column":2},"end":{"line":48,"column":null}},"30":{"start":{"line":48,"column":32},"end":{"line":48,"column":null}},"31":{"start":{"line":54,"column":2},"end":{"line":60,"column":null}},"32":{"start":{"line":55,"column":4},"end":{"line":55,"column":null}},"33":{"start":{"line":56,"column":4},"end":{"line":56,"column":null}},"34":{"start":{"line":58,"column":4},"end":{"line":58,"column":null}},"35":{"start":{"line":59,"column":4},"end":{"line":59,"column":null}},"36":{"start":{"line":61,"column":2},"end":{"line":61,"column":null}},"37":{"start":{"line":61,"column":30},"end":{"line":61,"column":null}},"38":{"start":{"line":62,"column":2},"end":{"line":62,"column":null}},"39":{"start":{"line":65,"column":17},"end":{"line":65,"column":null}},"40":{"start":{"line":65,"column":36},"end":{"line":65,"column":61}},"41":{"start":{"line":66,"column":19},"end":{"line":66,"column":null}},"42":{"start":{"line":67,"column":2},"end":{"line":67,"column":null}},"43":{"start":{"line":67,"column":20},"end":{"line":67,"column":null}},"44":{"start":{"line":69,"column":17},"end":{"line":69,"column":null}},"45":{"start":{"line":70,"column":26},"end":{"line":70,"column":null}},"46":{"start":{"line":72,"column":15},"end":{"line":76,"column":null}},"47":{"start":{"line":73,"column":49},"end":{"line":73,"column":null}},"48":{"start":{"line":74,"column":4},"end":{"line":74,"column":null}},"49":{"start":{"line":74,"column":31},"end":{"line":74,"column":null}},"50":{"start":{"line":75,"column":4},"end":{"line":75,"column":null}},"51":{"start":{"line":78,"column":2},"end":{"line":78,"column":null}}},"fnMap":{"0":{"name":"isNumeric","decl":{"start":{"line":16,"column":9},"end":{"line":16,"column":19}},"loc":{"start":{"line":16,"column":40},"end":{"line":20,"column":null}},"line":16},"1":{"name":"looksTemporal","decl":{"start":{"line":23,"column":9},"end":{"line":23,"column":23}},"loc":{"start":{"line":23,"column":62},"end":{"line":27,"column":null}},"line":23},"2":{"name":"detectChart","decl":{"start":{"line":33,"column":16},"end":{"line":33,"column":28}},"loc":{"start":{"line":33,"column":101},"end":{"line":79,"column":null}},"line":33},"3":{"name":"(anonymous_3)","decl":{"start":{"line":42,"column":29},"end":{"line":42,"column":30}},"loc":{"start":{"line":42,"column":36},"end":{"line":42,"column":42}},"line":42},"4":{"name":"(anonymous_4)","decl":{"start":{"line":42,"column":51},"end":{"line":42,"column":52}},"loc":{"start":{"line":42,"column":58},"end":{"line":42,"column":87}},"line":42},"5":{"name":"(anonymous_5)","decl":{"start":{"line":65,"column":29},"end":{"line":65,"column":30}},"loc":{"start":{"line":65,"column":36},"end":{"line":65,"column":61}},"line":65},"6":{"name":"(anonymous_6)","decl":{"start":{"line":72,"column":48},"end":{"line":72,"column":49}},"loc":{"start":{"line":72,"column":55},"end":{"line":76,"column":3}},"line":72}},"branchMap":{"0":{"loc":{"start":{"line":17,"column":2},"end":{"line":17,"column":null}},"type":"if","locations":[{"start":{"line":17,"column":2},"end":{"line":17,"column":null}},{"start":{},"end":{}}],"line":17},"1":{"loc":{"start":{"line":18,"column":2},"end":{"line":18,"column":null}},"type":"if","locations":[{"start":{"line":18,"column":2},"end":{"line":18,"column":null}},{"start":{},"end":{}}],"line":18},"2":{"l
[...]
ined:undefined":8,"s:115:12:115:Infinity":41,"b:115:17:115:30:115:30:115:44:115:44:115:63":9,"s:115:63:115:Infinity":42,"f:128:21:128:27":10,"s:128:27:128:Infinity":43,"b:139:8:139:18:139:18:139:Infinity:140:8:168:Infinity":10,"b:142:12:142:Infinity:143:14:163:Infinity":11,"b:144:12:161:Infinity:163:12:163:Infinity":12,"b:143:14:143:24:143:24:143:Infinity":13,"f:147:38:147:39":11,"s:148:20:148:Infinity":44,"f:153:46:153:47":12,"s:154:18:158:Infinity":45,"f:155:29:155:30":13,"s:156:22:156:Infinity":46,"b:156:86:156:132:156:132:156:142":14,"b:165:11:165:21:165:21:165:Infinity:166:12:166:Infinity":15},"fnNames":{}}},"/home/runner/work/tuples/tuples/src/components/home/Home.tsx":{"path":"/home/runner/work/tuples/tuples/src/components/home/Home.tsx","statementMap":{"0":{"start":{"line":13,"column":0},"end":{"line":13,"column":null}},"1":{"start":{"line":15,"column":6},"end":{"line":15,"column":null}},"2":{"start":{"line":15,"column":33},"end":{"line":15,"column":null}},"3":{"start":{"line":17,"column":53},"end":{"line":21,"column":null}},"4":{"start":{"line":32,"column":8},"end":{"line":32,"column":null}},"5":{"start":{"line":32,"column":43},"end":{"line":32,"column":77}},"6":{"start":{"line":33,"column":8},"end":{"line":33,"column":null}},"7":{"start":{"line":33,"column":48},"end":{"line":33,"column":80}},"8":{"start":{"line":34,"column":16},"end":{"line":34,"column":null}},"9":{"start":{"line":35,"column":18},"end":{"line":35,"column":null}},"10":{"start":{"line":36,"column":19},"end":{"line":36,"column":null}},"11":{"start":{"line":37,"column":14},"end":{"line":43,"column":null}},"12":{"start":{"line":44,"column":2},"end":{"line":44,"column":null}},"13":{"start":{"line":53,"column":12},"end":{"line":53,"column":null}},"14":{"start":{"line":54,"column":16},"end":{"line":54,"column":null}},"15":{"start":{"line":55,"column":17},"end":{"line":55,"column":null}},"16":{"start":{"line":57,"column":2},"end":{"line":120,"column":null}},"17":{"start":{"line":62,"column":21},"end":{"line":62,"column":null}},"18":{"start":{"line":63,"column":26},"end":{"line":63,"column":null}},"19":{"start":{"line":64,"column":26},"end":{"line":64,"column":null}},"20":{"start":{"line":65,"column":21},"end":{"line":65,"column":null}},"21":{"start":{"line":66,"column":20},"end":{"line":66,"column":null}},"22":{"start":{"line":125,"column":8},"end":{"line":125,"column":null}},"23":{"start":{"line":125,"column":50},"end":{"line":125,"column":67}},"24":{"start":{"line":126,"column":8},"end":{"line":126,"column":null}},"25":{"start":{"line":127,"column":8},"end":{"line":127,"column":null}},"26":{"start":{"line":128,"column":20},"end":{"line":128,"column":null}},"27":{"start":{"line":129,"column":34},"end":{"line":129,"column":null}},"28":{"start":{"line":131,"column":21},"end":{"line":131,"column":null}},"29":{"start":{"line":131,"column":45},"end":{"line":131,"column":102}},"30":{"start":{"line":132,"column":24},"end":{"line":134,"column":null}},"31":{"start":{"line":133,"column":26},"end":{"line":133,"column":96}},"32":{"start":{"line":133,"column":75},"end":{"line":133,"column":89}},"33":{"start":{"line":137,"column":2},"end":{"line":146,"column":null}},"34":{"start":{"line":138,"column":15},"end":{"line":138,"column":null}},"35":{"start":{"line":139,"column":4},"end":{"line":139,"column":null}},"36":{"start":{"line":139,"column":13},"end":{"line":139,"column":null}},"37":{"start":{"line":140,"column":15},"end":{"line":143,"column":null}},"38":{"start":{"line":141,"column":17},"end":{"line":141,"column":81}},"39":{"start":{"line":141,"column":41},"end":{"line":141,"column":62}},"40":{"start":{"line":141,"column":62},"end":{"line":141,"column":79}},"41":{"start":{"line":144,"column":4},"end":{"line":144,"column":null}},"42":{"start":{"line":145,"column":4},"end":{"line":145,"column":null}},"43":{"start":{"line":145,"column":17},"end":{"line":145,"column":null}},"44":{"start":{"line":148,"column":2},"end":{"line":167,"column":null}},"45":{"start":{"line":149,"column":16},"end":{"line":165,"column":null}},"46":{"start":{"line":150,"column":17},"end":{"line":150,"column":null}},"47":{"start":{"line":151,"column":6},"end":{"line":164,"column":null}},"48":{"start":{"line":152,"column":8},"end":{"line":154,"column":null}},"49":{"start":{"line":155,"column":8},"end":{"line":157,"column":null}},"50":{"start":{"line":158,"column":8},"end":{"line":163,"column":null}},"51":{"start":{"line":159,"column":10},"end":{"line":162,"column":null}},"52":{"start":{"line":166,"column":4},"end":{"line":166,"column":null}},"53":{"start":{"line":166,"column":17},"end":{"line":166,"column":null}},"54":{"start":{"line":169,"column":16},"end":{"line":169,"column":null}},"55":{"start":{"line":169,"column":34},"end":{"line":169,"column":null}},"56":{"start":{"line":171,"column":2},"end":{"line":318,"column":null}},"57":{"start":{"line":201,"column":12},"end":{"line":201,"column":null}},"58":{"start":{"line":258,"column":12},"end":{"line":264,"column":null}},"59":{"start":{"line":274,"column":12},"end":{"line":277,"column":null}},"60":{"start":{"line":291,"column":12},"end":{"line":307,"column":null}},"61":{"start":{"line":295,"column":29},"end":{"line":295,"column":null}}},"fnMap":{"0":{"name":"(anonymous_0)","decl":{"start":{"line":15,"column":27},"end":{"line":15,"column":33}},"loc":{"start":{"line":15,"column":33},"end":{"line":15,"column":null}},"line":15},"1":{"name":"useWorldState","decl":{"start":{"line":31,"column":9},"end":{"line":31,"column":23}},"loc":{"start":{"line":31,"column":49},"end":{"line":45,"column":null}},"line":31},"2":{"name":"(anonymous_2)","decl":{"start":{"line":32,"column":36},"end":{"line":32,"column":37}},"loc":{"start":{"line":32,"column":43},"end":{"line":32,"column":77}},"line":32},"3":{"name":"(anonymous_3)","decl":{"start":{"line":33,"column":41},"end":{"line":33,"column":42}},"loc":{"start":{"line":33,"column":48},"end":{"line":33,"column":80}},"line":33},"4":{"name":"WorldPanel","decl":{"start":{"line":47,"column":9},"end":{"line":47,"column":20}},"loc":{"start":{"line":52,"column":3},"end":{"line":122,"column":null}},"line":52},"5":{"name":"(anonymous_5)","decl":{"start":{"line":62,"column":15},"end":{"line":62,"column":21}},"loc":{"start":{"line":62,"column":21},"end":{"line":62,"column":null}},"line":62},"6":{"name":"(anonymous_6)","decl":{"start":{"line":63,"column":20},"end":{"line":63,"column":26}},"loc":{"start":{"line":63,"column":26},"end":{"line":63,"column":null}},"line":63},"7":{"name":"(anonymous_7)","decl":{"start":{"line":64,"column":20},"end":{"line":64,"column":26}},"loc":{"start":{"line":64,"column":26},"end":{"line":64,"column":null}},"line":64},"8":{"name":"(anonymous_8)","decl":{"start":{"line":65,"column":15},"end":{"line":65,"column":21}},"loc":{"start":{"line":65,"column":21},"end":{"line":65,"column":null}},"line":65},"9":{"name":"(anonymous_9)","decl":{"start":{"line":66,"column":14},"end":{"line":66,"column":20}},"loc":{"start":{"line":66,"column":20},"end":{"line":66,"column":null}},"line":66},"10":{"name":"Home","decl":{"start":{"line":124,"column":24},"end":{"line":124,"column":31}},"loc":{"start":{"line":124,"column":31},"end":{"line":320,"column":null}},"line":124},"11":{"name":"(anonymous_11)","decl":{"start":{"line":125,"column":43},"end":{"line":125,"column":44}},"loc":{"start":{"line":125,"column":50},"end":{"line":125,"column":67}},"line":125},"12":{"name":"(anonymous_12)","decl":{"start":{"line":131,"column":35},"end":{"line":131,"column":36}},"loc":{"start":{"line":131,"column":45},"end":{"line":131,"column":102}},"line":131},"13":{"name":"(anonymous_13)","decl":{"start":{"line":133,"column":19},"end":{"line":133,"column":20}},"loc":{"start":{"line":133,"column":26},"end":{"line":133,"column":96}},"line":133},"14":{"name":"(anonymous_14)","decl":{"start":{"line":133,"column":68},"end":{"line":133,"column":69}},"loc":{"start":{"line":133,"column":75},"end":{"line":133,"column":89}},"line":133},"15":{"name":"(anonymous_15)","decl":{"start":{"line":137,"column":12},"end":{"line":137,"column":18}},"loc":{"start":{"line":137,"column":18},"end":{"line":146,"column":5}},"line":137},"16":{"name":"(anonymous_16)","decl":{"start":{"line":141,"column":6},"end":{"line":141,"column":7}},"loc":{"start":{"line":141,"column":15},"end":{"line":141,"column":null}},"line":141},"17":{"name":"(anonymous_17)","decl":{"start":{"line":145,"column":11},"end":{"line":145,"column":17}},"loc":{"start":{"line":145,"column":17},"end":{"line":145,"column":null}},"line":145},"18":{"name":"(anonymous_18)","decl":{"start":{"line":148,"column":18},"end":{"line":148,"column":24}},"loc":{"start":{"line":148,"column":24},"end":{"line":167,"column":5}},"line":148},"19":{"name":"(anonymous_19)","decl":{"start":{"line":149,"column":29},"end":{"line":149,"column":35}},"loc":{"start":{"line":149,"column":35},"end":{"line":165,"column":7}},"line":149},"20":{"name":"(anonymous_20)","decl":{"start":{"line":151,"column":56},"end":{"line":151,"column":62}},"loc":{"start":{"line":151,"column":62},"end":{"line":164,"column":7}},"line":151},"21":{"name":"(anonymous_21)","decl":{"start":{"line":158,"column":63},"end":{"line":158,"column":64}},"loc":{"start":{"line":158,"column":71},"end":{"line":163,"column":9}},"line":158},"22":{"name":"(anonymous_22)","decl":{"start":{"line":166,"column":11},"end":{"line":166,"column":17}},"loc":{"start":{"line":166,"column":17},"end":{"line":166,"column":null}},"line":166},"23":{"name":"(anonymous_23)","decl":{"start":{"line":169,"column":16},"end":{"line":169,"column":17}},"loc":{"start":{"line":169,"column":34},"end":{"line":169,"column":null}},"line":169},"24":{"name":"(anonymous_24)","decl":{"start":{"line":200,"column":22},"end":{"line":200,"column":23}},"loc":{"start":{"line":201,"column":12},"end":{"line":201,"column":null}},"line":201},"25":{"name":"(anonymous_25)","decl":{"start":{"line":257,"column":16},"end":{"line":257,"column":17}},"loc":{"start":{"line":258,"column":12},"end":{"line":264,"column":null}},"line":258},"26":{"name":"(anonymous_26)","decl":{"start":{"line":273,"column":16},"end":{"line":273,"column":17}},"loc":{"start":{"line":274,"column":12},"end":{"line":277,"column":null}},"line":274},"27":{"name":"(anonymous_27)","decl":{"start":{"line":290,"column":22},"end":{"line":290,"column":23}},"loc":{"start":{"line":291,"column":12},"end":{"line":307,"column":null}},"line":291},"28":{"name":"(anonymous_28)","decl":{"start":{"line":295,"column":23},"end":{"line":295,"column":29}},"loc":{"start":{"line":295,"column":29},"end":{"line":295,"column":null}},"line":295}},"branchMap":{"0":{"loc":{"start":{"line":34,"column":16},"end":{"line":34,"column":null}},"type":"binary-expr","locations":[{"start":{"line":34,"column":16},"end":{"line":34,"column":68}},{"start":{"line":34,"column":68},"end":{"line":34,"column":null}}],"line":34},"1":{"loc":{"start":{"line":35,"column":27},"end":{"line":35,"column":60}},"type":"binary-expr","locations":[{"start":{"line":35,"column":27},"end":{"line":35,"column":57}},{"start":{"line":35,"column":57},"end":{"line":35,"column":60}}],"line":35},"2":{"loc":{"start":{"line":36,"column":19},"end":{"line":36,"column":null}},"type":"binary-expr","locations":[{"start":{"line":36,"column":19},"end":{"line":36,"column":39}},{"start":{"line":36,"column":39},"end":{"line":36,"column":null}}],"line":36},"3":{"loc":{"start":{"line":37,"column":14},"end":{"line":43,"column":null}},"type":"cond-expr","locations":[{"start":{"line":38,"column":6},"end":{"line":38,"column":null}},{"start":{"line":39,"column":6},"end":{"line":43,"column":null}}],"line":37},"4":{"loc":{"start":{"line":39,"column":6},"end":{"line":43,"column":null}},"type":"cond-expr","locations":[{"start":{"line":40,"column":8},"end":{"line":40,"column":null}},{"start":{"line":41,"column":8},"end":{"line":43,"column":null}}],"line":39},"5":{"loc":{"start":{"line":41,"column":8},"end":{"line":43,"column":null}},"type":"cond-expr","locations":[{"start":{"line":42,"column":10},"end":{"line":42,"column":null}},{"start":{"line":43,"column":10},"end":{"line":43,"column":null}}],"line":41},"6":{"loc":{"start":{"line":44,"column":32},"end":{"line":44,"column":81}},"type":"cond-expr","locations":[{"start":{"line":44,"column":40},"end":{"line":44,"column":78}},{"start":{"line":44,"column":78},"end":{"line":44,"column":81}}],"line":44},"7":{"loc":{"start":{"line":55,"column":17},"end":{"line":55,"column":null}},"type":"binary-expr","locations":[{"start":{"line":55,"column":17},"end":{"line":55,"column":33}},{"start":{"line":55,"column":33},"end":{"line":55,"column":null}}],"line":55},"8":{"loc":{"start":{"line":67,"column":25},"end":{"line":67,"column":58}},"type":"cond-expr","locations":[{"start":{"line":67,"column":33},"end":{"line":67,"column":39}},{"start":{"line":67,"column":39},"end":{"line":67,"column":58}}],"line":67},"9":{"loc":{"start":{"line":67,"column":39},"end":{"line":67,"column":58}},"type":"cond-expr","locations":[{"start":{"line":67,"column":48},"end":{"line":67,"column":55}},{"start":{"line":67,"column":55},"end":{"line":67,"column":58}}],"line":67},"10":{"loc":{"start":{"line":75,"column":19},"end":{"line":75,"column":null}},"type":"cond-expr","locations":[{"start":{"line":75,"column":27},"end":{"line":75,"column":31}},{"start":{"line":75,"column":31},"end":{"line":75,"column":null}}],"line":75},"11":{"loc":{"start":{"line":75,"column":31},"end":{"line":75,"column":null}},"type":"cond-expr","locations":[{"start":{"line":75,"column":40},"end":{"line":75,"column":47}},{"start":{"line":75,"column":47},"end":{"line":75,"column":null}}],"line":75},"12":{"loc":{"start":{"line":82,"column":19},"end":{"line":82,"column":null}},"type":"cond-expr","locations":[{"start":{"line":82,"column":27},"end":{"line":82,"column":31}},{"start":{"line":82,"column":31},"end":{"line":82,"column":null}}],"line":82},"13":{"loc":{"start":{"line":90,"column":52},"end":{"line":90,"column":100}},"type":"cond-expr","locations":[{"start":{"line":90,"column":60},"end":{"line":90,"column":75}},{"start":{"line":90,"column":75},"end":{"line":90,"column":100}}],"line":90},"14":{"loc":{"start":{"line":112,"column":26},"end":{"line":112,"column":68}},"type":"cond-expr","locations":[{"start":{"line":112,"column":34},"end":{"line":112,"column":49}},{"start":{"line":112,"column":49},"end":{"line":112,"column":68}}],"line":112},"15":{"loc":{"start":{"line":114,"column":11},"end":{"line":114,"column":null}},"type":"binary-expr","locations":[{"start":{"line":114,"column":11},"end":{"line":114,"column":26}},{"start":{"line":114,"column":26},"end":{"line":114,"column":null}}],"line":114},"16":{"loc":{"start":{"line":118,"column":83},"end":{"line":118,"column":129}},"type":"binary-expr","locations":[{"start":{"line":118,"column":83},"end":{"line":118,"column":127}},{"start":{"line":118,"column":127},"end":{"line":118,"column":129}}],"line":118},"17":{"loc":{"start":{"line":131,"column":50},"end":{"line":131,"column":102}},"type":"binary-expr","locations":[{"start":{"line":131,"column":50},"end":{"line":131,"column":98}},{"start":{"line":131,"column":98},"end":{"line":131,"column":102}}],"line":131},"18":{"loc":{"start":{"line":133,"column":26},"end":{"line":133,"column":96}},"type":"binary-expr","locations":[{"start":{"line":133,"column":26},"end":{"line":133,"column":94}},{"start":{"line":133,"column":94},"end":{"line":133,"column":96}}],"line":133},"19":{"loc":{"start":{"line":139,"column":4},"end":{"line":139,"column":null}},"type":"if","locations":[{"start":{"line":139,"column":4},"end":{"line":139,"column":null}},{"start":{},"end":{}}],"line":139},"20":{"loc":{"start":{"line":141,"column":17},"end":{"line":141,"column":81}},"type":"if","locations":[{"start":{"line":141,"column":17},"end":{"line":141,"column":81}},{"start":{},"end":{}}],"line":141},"21":{"loc":{"start":{"line":221,"column":13},"end":{"line":226,"column":null}},"type":"cond-expr","locations":[{"start":{"line":222,"column":14},"end":{"line":224,"column":null}},{"start":{"line":226,"column":14},"end":{"line":226,"column":null}}],"line":221}},"s":{"0":0,"1":0,"2":0,"3":0,"4":0,"5":0,"6":0,"7":0,"8":0,"9":0,"10":0,"11":0,"12":0,"13":0,"14":0,"15":0,"16":0,"17":0,"18":0,"19":0,"20":0,"21":0,"22":0,"23":0,"24":0,"25":0,"26":0,"27":0,"28":0,"29":0,"30":0,"31":0,"32":0,"33":0,"34":0,"35":0,"36":0,"37":0,"38":0,"39":0,"40":0,"41":0,"42":0,"43":0,"44":0,"45":0,"46":0,"47":0,"48":0,"49":0,"50":0,"51":0,"52":0,"53":0,"54":0,"55":0,"56":0,"57":0,"58":0,"59":0,"60":0,"61":0},"f":{"0":0,"1":0,"2":0,"3":0,"4":0,"5":0,"6":0,"7":0,"8":0,"9":0,"10":0,"11":0,"12":0,"13":0,"14":0,"15":0,"16":0,"17":0,"18":0,"19":0,"20":0,"21":0,"22":0,"23":0,"24":0,"25":0,"26":0,"27":0,"28":0},"b":{"0":[0,0],"1":[0,0],"2":[0,0],"3":[0,0],"4":[0,0],"5":[0,0],"6":[0,0],"7":[0,0],"8":[0,0],"9":[0,0],"10":[0,0],"11":[0,0],"12":[0,0],"13":[0,0],"14":[0,0],"15":[0,0],"16":[0,0],"17":[0,0],"18":[0,0],"19":[0,0],"20":[0,0],"21":[0,0]},"meta":{"lastBranch":22,"lastFunction":29,"lastStatement":62,"seen":{"s:13:0:13:Infinity":0,"s:15:6:15:Infinity":1,"f:15:27:15:33":0,"s:15:33:15:Infinity":2,"s:17:53:21:Infinity":3,"f:31:9:31:23":1,"s:32:8:32:Infinity":4,"f:32:36:32:37":2,"s:32:43:32:77":5,"s:33:8:33:Infinity":6,"f:33:41:33:42":3,"s:33:48:33:80":7,"s:34:16:34:Infinity":8,"b:34:16:34:68:34:68:34:Infinity":0,"s:35:18:35:Infinity":9,"b:35:27:35:57:35:57:35:60":1,"s:36:19:36:Infinity":10,"b:36:19:36:39:36:39:36:Infinity":2,"s:37:14:43:Infinity":11,"b:38:6:38:Infinity:39:6:43:Infinity":3,"b:40:8:40:Infinity:41:8:43:Infinity":4,"b:42:10:42:Infinity:43:10:43:Infinity":5,"s:44:2:44:Infinity":12,"b:44:40:44:78:44:78:44:81":6,"f:47:9:47:20":4,"s:53:12:53:Infinity":13,"s:54:16:54:Infinity":14,"s:55:17:55:Infinity":15,"b:55:17:55:33:55:33:55:Infinity":7,"s:57:2:120:Infinity":16,"f:62:15:62:21":5,"s:62:21:62:Infinity":17,"f:63:20:63:26":6,"s:63:26:63:Infinity":18,"f:64:20:64:26":7,"s:64:26:64:Infinity":19,"f:65:15:65:21":8,"s:65:21:65:Infinity":20,"f:66:14:66:20":9,"s:66:20:66:Infinity":21,"b:67:33:67:39:67:39:67:58":8,"b:67:48:67:55:67:55:67:58":9,"b:75:27:75:31:75:31:75:Infinity":10,"b:75:40:75:47:75:47:75:Infinity":11,"b:82:27:82:31:82:31:82:Infinity":12,"b:90:60:90:75:90:75:90:100":13,"b:112:34:112:49:112:49:112:68":14,"b:114:11:114:26:114:26:114:Infinity":15,"b:118:83:118:127:118:127:118:129":16,"f:124:24:124:31":10,"s:125:8:125:Infinity":22,"f:125:43:125:44":11,"s:125:50:125:67":23,"s:126:8:126:Infinity":24,"s:127:8:127:Infinity":25,"s:128:20:128:Infinity":26,"s:129:34:129:Infinity":27,"s:131:21:131:Infinity":28,"f:131:35:131:36":12,"s:131:45:131:102":29,"b:131:50:131:98:131:98:131:102":17,"s:132:24:134:Infinity":30,"f:133:19:133:20":13,"s:133:26:133:96":31,"b:133:26:133:94:133:94:133:96":18,"f:133:68:133:69":14,"s:133:75:133:89":32,"s:137:2:146:Infinity":33,"f:137:12:137:18":15,"s:138:15:138:Infinity":34,"b:139:4:139:Infinity:undefined:undefined:undefined:undefined":19,"s:139:4:139:Infinity":35,"s:139:13:139:Infinity":36,"s:140:15:143:Infinity":37,"f:141:6:141:7":16,"b:141:17:141:81:undefined:undefined:undefined:undefined":20,"s:141:17:141:81":38,"s:141:41:141:62":39,"s:141:62:141:79":40,"s:144:4:144:Infinity":41,"s:145:4:145:Infinity":42,"f:145:11:145:17":17,"s:145:17:145:Infinity":43,"s:148:2:167:Infinity":44,"f:148:18:148:24":18,"s:149:16:165:Infinity":45,"f:149:29:149:35":19,"s:150:17:150:Infinity":46,"s:151:6:164:Infinity":47,"f:151:56:151:62":20,"s:152:8:154:Infinity":48,"s:155:8:157:Infinity":49,"s:158:8:163:Infinity":50,"f:158:63:158:64":21,"s:159:10:162:Infinity":51,"s:166:4:166:Infinity":52,"f:166:11:166:17":22,"s:166:17:166:Infinity":53,"s:169:16:169:Infinity":54,"f:169:16:169:17":23,"s:169:34:169:Infinity":55,"s:171:2:318:Infinity":56,"f:200:22:200:23":24,"s:201:12:201:Infinity":57,"b:222:14:224:Infinity:226:14:226:Infinity":21,"f:257:16:257:17":25,"s:258:12:264:Infinity":58,"f:273:16:273:17":26,"s:274:12:277:Infinity":59,"f:290:22:290:23":27,"s:291:12:307:Infinity":60,"f:295:23:295:29":28,"s:295:29:295:Infinity":61},"fnNames":{}}}}}