{"total": {"lines":{"total":1043,"covered":432,"skipped":0,"pct":41.41},"statements":{"total":1259,"covered":501,"skipped":0,"pct":39.79},"functions":{"total":294,"covered":89,"skipped":0,"pct":30.27},"branches":{"total":854,"covered":272,"skipped":0,"pct":31.85},"branchesTrue":{"total":0,"covered":0,"skipped":0,"pct":100}}
,"/Users/prakashsamanta/forge/tuples/src/App.tsx": {"lines":{"total":57,"covered":0,"skipped":0,"pct":0},"functions":{"total":16,"covered":0,"skipped":0,"pct":0},"statements":{"total":66,"covered":0,"skipped":0,"pct":0},"branches":{"total":61,"covered":0,"skipped":0,"pct":0}}
,"/Users/prakashsamanta/forge/tuples/src/components/AchievementToast.tsx": {"lines":{"total":10,"covered":0,"skipped":0,"pct":0},"functions":{"total":6,"covered":0,"skipped":0,"pct":0},"statements":{"total":14,"covered":0,"skipped":0,"pct":0},"branches":{"total":7,"covered":0,"skipped":0,"pct":0}}
,"/Users/prakashsamanta/forge/tuples/src/components/Atmosphere.tsx": {"lines":{"total":79,"covered":0,"skipped":0,"pct":0},"functions":{"total":12,"covered":0,"skipped":0,"pct":0},"statements":{"total":95,"covered":0,"skipped":0,"pct":0},"branches":{"total":38,"covered":0,"skipped":0,"pct":0}}
,"/Users/prakashsamanta/forge/tuples/src/components/BentoLayout.tsx": {"lines":{"total":12,"covered":0,"skipped":0,"pct":0},"functions":{"total":5,"covered":0,"skipped":0,"pct":0},"statements":{"total":14,"covered":0,"skipped":0,"pct":0},"branches":{"total":10,"covered":0,"skipped":0,"pct":0}}
,"/Users/prakashsamanta/forge/tuples/src/components/ErrorBoundary.tsx": {"lines":{"total":5,"covered":0,"skipped":0,"pct":0},"functions":{"total":3,"covered":0,"skipped":0,"pct":0},"statements":{"total":6,"covered":0,"skipped":0,"pct":0},"branches":{"total":4,"covered":0,"skipped":0,"pct":0}}
,"/Users/prakashsamanta/forge/tuples/src/components/ExamPanel.tsx": {"lines":{"total":53,"covered":0,"skipped":0,"pct":0},"functions":{"total":13,"covered":0,"skipped":0,"pct":0},"statements":{"total":60,"covered":0,"skipped":0,"pct":0},"branches":{"total":31,"covered":0,"skipped":0,"pct":0}}
,"/Users/prakashsamanta/forge/tuples/src/components/GameStatus.tsx": {"lines":{"total":5,"covered":0,"skipped":0,"pct":0},"functions":{"total":4,"covered":0,"skipped":0,"pct":0},"statements":{"total":8,"covered":0,"skipped":0,"pct":0},"branches":{"total":4,"covered":0,"skipped":0,"pct":0}}
,"/Users/prakashsamanta/forge/tuples/src/components/JuiceController.tsx": {"lines":{"total":7,"covered":0,"skipped":0,"pct":0},"functions":{"total":4,"covered":0,"skipped":0,"pct":0},"statements":{"total":8,"covered":0,"skipped":0,"pct":0},"branches":{"total":6,"covered":0,"skipped":0,"pct":0}}
,"/Users/prakashsamanta/forge/tuples/src/components/LiveDiffTable.tsx": {"lines":{"total":15,"covered":0,"skipped":0,"pct":0},"functions":{"total":8,"covered":0,"skipped":0,"pct":0},"statements":{"total":17,"covered":0,"skipped":0,"pct":0},"branches":{"total":24,"covered":0,"skipped":0,"pct":0}}
,"/Users/prakashsamanta/forge/tuples/src/components/Mascot.tsx": {"lines":{"total":22,"covered":0,"skipped":0,"pct":0},"functions":{"total":7,"covered":0,"skipped":0,"pct":0},"statements":{"total":27,"covered":0,"skipped":0,"pct":0},"branches":{"total":32,"covered":0,"skipped":0,"pct":0}}
,"/Users/prakashsamanta/forge/tuples/src/components/PathVisualizer.tsx": {"lines":{"total":18,"covered":0,"skipped":0,"pct":0},"functions":{"total":4,"covered":0,"skipped":0,"pct":0},"statements":{"total":21,"covered":0,"skipped":0,"pct":0},"branches":{"total":54,"covered":0,"skipped":0,"pct":0}}
,"/Users/prakashsamanta/forge/tuples/src/components/ResultChart.tsx": {"lines":{"total":7,"covered":0,"skipped":0,"pct":0},"functions":{"total":3,"covered":0,"skipped":0,"pct":0},"statements":{"total":7,"covered":0,"skipped":0,"pct":0},"branches":{"total":6,"covered":0,"skipped":0,"pct":0}}
,"/Users/prakashsamanta/forge/tuples/src/components/ReviewPanel.tsx": {"lines":{"total":1,"covered":0,"skipped":0,"pct":0},"functions":{"total":1,"covered":0,"skipped":0,"pct":0},"statements":{"total":1,"covered":0,"skipped":0,"pct":0},"branches":{"total":2,"covered":0,"skipped":0,"pct":0}}
,"/Users/prakashsamanta/forge/tuples/src/components/SchemaGraph.tsx": {"lines":{"total":12,"covered":0,"skipped":0,"pct":0},"functions":{"total":5,"covered":0,"skipped":0,"pct":0},"statements":{"total":13,"covered":0,"skipped":0,"pct":0},"branches":{"total":16,"covered":0,"skipped":0,"pct":0}}
,"/Users/prakashsamanta/forge/tuples/src/components/SchemaVisualizer.tsx": {"lines":{"total":6,"covered":0,"skipped":0,"pct":0},"functions":{"total":4,"covered":0,"skipped":0,"pct":0},"statements":{"total":8,"covered":0,"skipped":0,"pct":0},"branches":{"total":8,"covered":0,"skipped":0,"pct":0}}
,"/Users/prakashsamanta/forge/tuples/src/components/SqlEditor.tsx": {"lines":{"total":3,"covered":0,"skipped":0,"pct":0},"functions":{"total":3,"covered":0,"skipped":0,"pct":0},"statements":{"total":5,"covered":0,"skipped":0,"pct":0},"branches":{"total":0,"covered":0,"skipped":0,"pct":100}}
,"/Users/prakashsamanta/forge/tuples/src/components/SqlTerminal.tsx": {"lines":{"total":22,"covered":0,"skipped":0,"pct":0},"functions":{"total":10,"covered":0,"skipped":0,"pct":0},"statements":{"total":27,"covered":0,"skipped":0,"pct":0},"branches":{"total":41,"covered":0,"skipped":0,"pct":0}}
,"/Users/prakashsamanta/forge/tuples/src/components/SuccessToast.tsx": {"lines":{"total":12,"covered":0,"skipped":0,"pct":0},"functions":{"total":7,"covered":0,"skipped":0,"pct":0},"statements":{"total":15,"covered":0,"skipped":0,"pct":0},"branches":{"total":12,"covered":0,"skipped":0,"pct":0}}
,"/Users/prakashsamanta/forge/tuples/src/components/TypewriterText.tsx": {"lines":{"total":16,"covered":0,"skipped":0,"pct":0},"functions":{"total":5,"covered":0,"skipped":0,"pct":0},"statements":{"total":22,"covered":0,"skipped":0,"pct":0},"branches":{"total":19,"covered":0,"skipped":0,"pct":0}}
,"/Users/prakashsamanta/forge/tuples/src/components/home/Home.tsx": {"lines":{"total":50,"covered":0,"skipped":0,"pct":0},"functions":{"total":29,"covered":0,"skipped":0,"pct":0},"statements":{"total":62,"covered":0,"skipped":0,"pct":0},"branches":{"total":44,"covered":0,"skipped":0,"pct":0}}
,"/Users/prakashsamanta/forge/tuples/src/components/home/ProofTerminal.tsx": {"lines":{"total":42,"covered":0,"skipped":0,"pct":0},"functions":{"total":14,"covered":0,"skipped":0,"pct":0},"statements":{"total":47,"covered":0,"skipped":0,"pct":0},"branches":{"total":35,"covered":0,"skipped":0,"pct":0}}
,"/Users/prakashsamanta/forge/tuples/src/domains/index.ts": {"lines":{"total":1,"covered":1,"skipped":0,"pct":100},"functions":{"total":0,"covered":0,"skipped":0,"pct":100},"statements":{"total":1,"covered":1,"skipped":0,"pct":100},"branches":{"total":0,"covered":0,"skipped":0,"pct":100}}
,"/Users/prakashsamanta/forge/tuples/src/domains/seeds.ts": {"lines":{"total":151,"covered":151,"skipped":0,"pct":100},"functions":{"total":16,"covered":16,"skipped":0,"pct":100},"statements":{"total":174,"covered":173,"skipped":0,"pct":99.42},"branches":{"total":62,"covered":62,"skipped":0,"pct":100}}
,"/Users/prakashsamanta/forge/tuples/src/hooks/useSqlEngine.ts": {"lines":{"total":107,"covered":0,"skipped":0,"pct":0},"functions":{"total":30,"covered":0,"skipped":0,"pct":0},"statements":{"total":141,"covered":0,"skipped":0,"pct":0},"branches":{"total":64,"covered":0,"skipped":0,"pct":0}}
,"/Users/prakashsamanta/forge/tuples/src/lib/achievements.ts": {"lines":{"total":16,"covered":16,"skipped":0,"pct":100},"functions":{"total":17,"covered":17,"skipped":0,"pct":100},"statements":{"total":20,"covered":20,"skipped":0,"pct":100},"branches":{"total":2,"covered":2,"skipped":0,"pct":100}}
,"/Users/prakashsamanta/forge/tuples/src/lib/buildSqlSchema.ts": {"lines":{"total":4,"covered":4,"skipped":0,"pct":100},"functions":{"total":2,"covered":2,"skipped":0,"pct":100},"statements":{"total":5,"covered":5,"skipped":0,"pct":100},"branches":{"total":0,"covered":0,"skipped":0,"pct":100}}
,"/Users/prakashsamanta/forge/tuples/src/lib/chartShape.ts": {"lines":{"total":36,"covered":35,"skipped":0,"pct":97.22},"functions":{"total":7,"covered":7,"skipped":0,"pct":100},"statements":{"total":52,"covered":46,"skipped":0,"pct":88.46},"branches":{"total":40,"covered":32,"skipped":0,"pct":80}}
,"/Users/prakashsamanta/forge/tuples/src/lib/errorCoach.ts": {"lines":{"total":28,"covered":26,"skipped":0,"pct":92.85},"functions":{"total":1,"covered":1,"skipped":0,"pct":100},"statements":{"total":29,"covered":27,"skipped":0,"pct":93.1},"branches":{"total":41,"covered":35,"skipped":0,"pct":85.36}}
,"/Users/prakashsamanta/forge/tuples/src/lib/gameLogic.ts": {"lines":{"total":19,"covered":19,"skipped":0,"pct":100},"functions":{"total":4,"covered":4,"skipped":0,"pct":100},"statements":{"total":22,"covered":22,"skipped":0,"pct":100},"branches":{"total":8,"covered":8,"skipped":0,"pct":100}}
,"/Users/prakashsamanta/forge/tuples/src/lib/juice.ts": {"lines":{"total":17,"covered":0,"skipped":0,"pct":0},"functions":{"total":6,"covered":0,"skipped":0,"pct":0},"statements":{"total":22,"covered":0,"skipped":0,"pct":0},"branches":{"total":12,"covered":0,"skipped":0,"pct":0}}
,"/Users/prakashsamanta/forge/tuples/src/lib/missionDb.ts": {"lines":{"total":24,"covered":22,"skipped":0,"pct":91.66},"functions":{"total":1,"covered":1,"skipped":0,"pct":100},"statements":{"total":28,"covered":24,"skipped":0,"pct":85.71},"branches":{"total":22,"covered":17,"skipped":0,"pct":77.27}}
,"/Users/prakashsamanta/forge/tuples/src/lib/schema.ts": {"lines":{"total":21,"covered":0,"skipped":0,"pct":0},"functions":{"total":4,"covered":0,"skipped":0,"pct":0},"statements":{"total":26,"covered":0,"skipped":0,"pct":0},"branches":{"total":16,"covered":0,"skipped":0,"pct":0}}
,"/Users/prakashsamanta/forge/tuples/src/lib/schemaGraph.ts": {"lines":{"total":28,"covered":28,"skipped":0,"pct":100},"functions":{"total":4,"covered":4,"skipped":0,"pct":100},"statements":{"total":35,"covered":34,"skipped":0,"pct":97.14},"branches":{"total":18,"covered":17,"skipped":0,"pct":94.44}}
,"/Users/prakashsamanta/forge/tuples/src/lib/validate.ts": {"lines":{"total":84,"covered":80,"skipped":0,"pct":95.23},"functions":{"total":16,"covered":16,"skipped":0,"pct":100},"statements":{"total":100,"covered":94,"skipped":0,"pct":94},"branches":{"total":97,"covered":87,"skipped":0,"pct":89.69}}
,"/Users/prakashsamanta/forge/tuples/src/lib/whyItWorks.ts": {"lines":{"total":6,"covered":6,"skipped":0,"pct":100},"functions":{"total":2,"covered":2,"skipped":0,"pct":100},"statements":{"total":8,"covered":8,"skipped":0,"pct":100},"branches":{"total":2,"covered":2,"skipped":0,"pct":100}}
,"/Users/prakashsamanta/forge/tuples/src/lib/worlds.ts": {"lines":{"total":3,"covered":3,"skipped":0,"pct":100},"functions":{"total":1,"covered":1,"skipped":0,"pct":100},"statements":{"total":3,"covered":3,"skipped":0,"pct":100},"branches":{"total":0,"covered":0,"skipped":0,"pct":100}}
,"/Users/prakashsamanta/forge/tuples/src/store/useProgressStore.ts": {"lines":{"total":44,"covered":41,"skipped":0,"pct":93.18},"functions":{"total":20,"covered":18,"skipped":0,"pct":90},"statements":{"total":50,"covered":44,"skipped":0,"pct":88},"branches":{"total":16,"covered":10,"skipped":0,"pct":62.5}}
}
